
*** Running vivado
    with args -log fifo.vds -m64 -product Vivado -mode batch -messageDb vivado.pb -notrace -source fifo.tcl


****** Vivado v2019.2 (64-bit)
  **** SW Build 2708876 on Wed Nov  6 21:40:23 MST 2019
  **** IP Build 2700528 on Thu Nov  7 00:09:20 MST 2019
    ** Copyright 1986-2019 Xilinx, Inc. All Rights Reserved.

source fifo.tcl -notrace
Command: synth_design -top fifo -part xc7k70tfbv676-1
Starting synth_design
Attempting to get a license for feature 'Synthesis' and/or device 'xc7k70t'
INFO: [Common 17-349] Got license for feature 'Synthesis' and/or device 'xc7k70t'
INFO: [Device 21-403] Loading part xc7k70tfbv676-1
INFO: Launching helper process for spawning children vivado processes
INFO: Helper process launched with PID 9900 
WARNING: [Synth 8-2507] parameter declaration becomes local in fifo_stage with formal parameter declaration list [D:/Programming/Git/cse125/Lab3/Lab3.srcs/sources_1/new/fifo.v:142]
WARNING: [Synth 8-2507] parameter declaration becomes local in fifo_stage with formal parameter declaration list [D:/Programming/Git/cse125/Lab3/Lab3.srcs/sources_1/new/fifo.v:143]
WARNING: [Synth 8-2507] parameter declaration becomes local in fifo_stage with formal parameter declaration list [D:/Programming/Git/cse125/Lab3/Lab3.srcs/sources_1/new/fifo.v:144]
WARNING: [Synth 8-2507] parameter declaration becomes local in fifo_stage with formal parameter declaration list [D:/Programming/Git/cse125/Lab3/Lab3.srcs/sources_1/new/fifo.v:145]
---------------------------------------------------------------------------------
Starting RTL Elaboration : Time (s): cpu = 00:00:05 ; elapsed = 00:00:05 . Memory (MB): peak = 838.629 ; gain = 237.418
---------------------------------------------------------------------------------
INFO: [Synth 8-6157] synthesizing module 'fifo' [D:/Programming/Git/cse125/Lab3/Lab3.srcs/sources_1/new/fifo.v:23]
	Parameter WIDTH bound to: 64 - type: integer 
	Parameter DEPTH bound to: 8 - type: integer 
INFO: [Synth 8-6157] synthesizing module 'fifo_stage' [D:/Programming/Git/cse125/Lab3/Lab3.srcs/sources_1/new/fifo.v:130]
	Parameter WIDTH bound to: 64 - type: integer 
	Parameter HOLD bound to: 2'b00 
	Parameter SI bound to: 2'b10 
	Parameter SO bound to: 2'b01 
	Parameter SI_SO bound to: 2'b11 
INFO: [Synth 8-155] case statement is not full and has no default [D:/Programming/Git/cse125/Lab3/Lab3.srcs/sources_1/new/fifo.v:149]
INFO: [Synth 8-6155] done synthesizing module 'fifo_stage' (1#1) [D:/Programming/Git/cse125/Lab3/Lab3.srcs/sources_1/new/fifo.v:130]
WARNING: [Synth 8-6014] Unused sequential element ptr_shift_out_reg was removed.  [D:/Programming/Git/cse125/Lab3/Lab3.srcs/sources_1/new/fifo.v:48]
WARNING: [Synth 8-5788] Register select_reg in module fifo is has both Set and reset with same priority. This may cause simulation mismatches. Consider rewriting code  [D:/Programming/Git/cse125/Lab3/Lab3.srcs/sources_1/new/fifo.v:53]
WARNING: [Synth 8-5788] Register data_input_reg[7] in module fifo is has both Set and reset with same priority. This may cause simulation mismatches. Consider rewriting code  [D:/Programming/Git/cse125/Lab3/Lab3.srcs/sources_1/new/fifo.v:54]
WARNING: [Synth 8-5788] Register data_input_reg[6] in module fifo is has both Set and reset with same priority. This may cause simulation mismatches. Consider rewriting code  [D:/Programming/Git/cse125/Lab3/Lab3.srcs/sources_1/new/fifo.v:54]
WARNING: [Synth 8-5788] Register data_input_reg[5] in module fifo is has both Set and reset with same priority. This may cause simulation mismatches. Consider rewriting code  [D:/Programming/Git/cse125/Lab3/Lab3.srcs/sources_1/new/fifo.v:54]
WARNING: [Synth 8-5788] Register data_input_reg[4] in module fifo is has both Set and reset with same priority. This may cause simulation mismatches. Consider rewriting code  [D:/Programming/Git/cse125/Lab3/Lab3.srcs/sources_1/new/fifo.v:54]
WARNING: [Synth 8-5788] Register data_input_reg[3] in module fifo is has both Set and reset with same priority. This may cause simulation mismatches. Consider rewriting code  [D:/Programming/Git/cse125/Lab3/Lab3.srcs/sources_1/new/fifo.v:54]
WARNING: [Synth 8-5788] Register data_input_reg[2] in module fifo is has both Set and reset with same priority. This may cause simulation mismatches. Consider rewriting code  [D:/Programming/Git/cse125/Lab3/Lab3.srcs/sources_1/new/fifo.v:54]
WARNING: [Synth 8-5788] Register data_input_reg[1] in module fifo is has both Set and reset with same priority. This may cause simulation mismatches. Consider rewriting code  [D:/Programming/Git/cse125/Lab3/Lab3.srcs/sources_1/new/fifo.v:54]
WARNING: [Synth 8-5788] Register data_input_reg[0] in module fifo is has both Set and reset with same priority. This may cause simulation mismatches. Consider rewriting code  [D:/Programming/Git/cse125/Lab3/Lab3.srcs/sources_1/new/fifo.v:54]
WARNING: [Synth 8-5788] Register data_out_reg in module fifo is has both Set and reset with same priority. This may cause simulation mismatches. Consider rewriting code  [D:/Programming/Git/cse125/Lab3/Lab3.srcs/sources_1/new/fifo.v:60]
WARNING: [Synth 8-5788] Register empty_reg in module fifo is has both Set and reset with same priority. This may cause simulation mismatches. Consider rewriting code  [D:/Programming/Git/cse125/Lab3/Lab3.srcs/sources_1/new/fifo.v:43]
WARNING: [Synth 8-5788] Register full_reg in module fifo is has both Set and reset with same priority. This may cause simulation mismatches. Consider rewriting code  [D:/Programming/Git/cse125/Lab3/Lab3.srcs/sources_1/new/fifo.v:52]
WARNING: [Synth 8-3848] Net pre_out[7] in module/entity fifo does not have driver. [D:/Programming/Git/cse125/Lab3/Lab3.srcs/sources_1/new/fifo.v:33]
INFO: [Synth 8-6155] done synthesizing module 'fifo' (2#1) [D:/Programming/Git/cse125/Lab3/Lab3.srcs/sources_1/new/fifo.v:23]
---------------------------------------------------------------------------------
Finished RTL Elaboration : Time (s): cpu = 00:00:06 ; elapsed = 00:00:07 . Memory (MB): peak = 887.938 ; gain = 286.727
---------------------------------------------------------------------------------

Report Check Netlist: 
+------+------------------+-------+---------+-------+------------------+
|      |Item              |Errors |Warnings |Status |Description       |
+------+------------------+-------+---------+-------+------------------+
|1     |multi_driven_nets |      0|        0|Passed |Multi driven nets |
+------+------------------+-------+---------+-------+------------------+
---------------------------------------------------------------------------------
Start Handling Custom Attributes
---------------------------------------------------------------------------------
---------------------------------------------------------------------------------
Finished Handling Custom Attributes : Time (s): cpu = 00:00:07 ; elapsed = 00:00:07 . Memory (MB): peak = 887.938 ; gain = 286.727
---------------------------------------------------------------------------------
---------------------------------------------------------------------------------
Finished RTL Optimization Phase 1 : Time (s): cpu = 00:00:07 ; elapsed = 00:00:07 . Memory (MB): peak = 887.938 ; gain = 286.727
---------------------------------------------------------------------------------
Netlist sorting complete. Time (s): cpu = 00:00:00 ; elapsed = 00:00:00.066 . Memory (MB): peak = 887.938 ; gain = 0.000
INFO: [Project 1-570] Preparing netlist for logic optimization

Processing XDC Constraints
Initializing timing engine
Parsing XDC File [D:/Programming/Git/cse125/Lab3/Lab3.srcs/constrs_1/new/lab3test.xdc]
Finished Parsing XDC File [D:/Programming/Git/cse125/Lab3/Lab3.srcs/constrs_1/new/lab3test.xdc]
Completed Processing XDC Constraints

Netlist sorting complete. Time (s): cpu = 00:00:00 ; elapsed = 00:00:00.001 . Memory (MB): peak = 1004.574 ; gain = 0.000
INFO: [Project 1-111] Unisim Transformation Summary:
No Unisim elements were transformed.

Constraint Validation Runtime : Time (s): cpu = 00:00:00 ; elapsed = 00:00:00.038 . Memory (MB): peak = 1004.574 ; gain = 0.000
---------------------------------------------------------------------------------
Finished Constraint Validation : Time (s): cpu = 00:00:14 ; elapsed = 00:00:15 . Memory (MB): peak = 1004.574 ; gain = 403.363
---------------------------------------------------------------------------------
---------------------------------------------------------------------------------
Start Loading Part and Timing Information
---------------------------------------------------------------------------------
Loading part: xc7k70tfbv676-1
---------------------------------------------------------------------------------
Finished Loading Part and Timing Information : Time (s): cpu = 00:00:14 ; elapsed = 00:00:15 . Memory (MB): peak = 1004.574 ; gain = 403.363
---------------------------------------------------------------------------------
---------------------------------------------------------------------------------
Start Applying 'set_property' XDC Constraints
---------------------------------------------------------------------------------
---------------------------------------------------------------------------------
Finished applying 'set_property' XDC Constraints : Time (s): cpu = 00:00:14 ; elapsed = 00:00:15 . Memory (MB): peak = 1004.574 ; gain = 403.363
---------------------------------------------------------------------------------
INFO: [Synth 8-5818] HDL ADVISOR - The operator resource <adder> is shared. To prevent sharing consider applying a KEEP on the output of the operator [D:/Programming/Git/cse125/Lab3/Lab3.srcs/sources_1/new/fifo.v:52]
---------------------------------------------------------------------------------
Finished RTL Optimization Phase 2 : Time (s): cpu = 00:00:15 ; elapsed = 00:00:16 . Memory (MB): peak = 1004.574 ; gain = 403.363
---------------------------------------------------------------------------------

Report RTL Partitions: 
+-+--------------+------------+----------+
| |RTL Partition |Replication |Instances |
+-+--------------+------------+----------+
+-+--------------+------------+----------+
---------------------------------------------------------------------------------
Start RTL Component Statistics 
---------------------------------------------------------------------------------
Detailed RTL Component Info : 
+---Registers : 
	               64 Bit    Registers := 17    
	                2 Bit    Registers := 1     
	                1 Bit    Registers := 2     
+---Muxes : 
	   4 Input     64 Bit        Muxes := 8     
	   2 Input     64 Bit        Muxes := 7     
	   5 Input      2 Bit        Muxes := 1     
	   2 Input      2 Bit        Muxes := 1     
	   4 Input      1 Bit        Muxes := 8     
	   2 Input      1 Bit        Muxes := 6     
	   3 Input      1 Bit        Muxes := 1     
	   5 Input      1 Bit        Muxes := 1     
---------------------------------------------------------------------------------
Finished RTL Component Statistics 
---------------------------------------------------------------------------------
---------------------------------------------------------------------------------
Start RTL Hierarchical Component Statistics 
---------------------------------------------------------------------------------
Hierarchical RTL Component report 
Module fifo 
Detailed RTL Component Info : 
+---Registers : 
	               64 Bit    Registers := 9     
	                2 Bit    Registers := 1     
	                1 Bit    Registers := 2     
+---Muxes : 
	   2 Input     64 Bit        Muxes := 7     
	   5 Input      2 Bit        Muxes := 1     
	   2 Input      2 Bit        Muxes := 1     
	   2 Input      1 Bit        Muxes := 6     
	   3 Input      1 Bit        Muxes := 1     
	   5 Input      1 Bit        Muxes := 1     
Module fifo_stage 
Detailed RTL Component Info : 
+---Registers : 
	               64 Bit    Registers := 1     
+---Muxes : 
	   4 Input     64 Bit        Muxes := 1     
	   4 Input      1 Bit        Muxes := 1     
---------------------------------------------------------------------------------
Finished RTL Hierarchical Component Statistics
---------------------------------------------------------------------------------
---------------------------------------------------------------------------------
Start Part Resource Summary
---------------------------------------------------------------------------------
Part Resources:
DSPs: 240 (col length:80)
BRAMs: 270 (col length: RAMB18 80 RAMB36 40)
---------------------------------------------------------------------------------
Finished Part Resource Summary
---------------------------------------------------------------------------------
---------------------------------------------------------------------------------
Start Cross Boundary and Area Optimization
---------------------------------------------------------------------------------
Warning: Parallel synthesis criteria is not met 
INFO: [Synth 8-3333] propagating constant 1 across sequential element (\data_out_reg[0]_LDC )
INFO: [Synth 8-3333] propagating constant 1 across sequential element (\data_out_reg[1]_LDC )
INFO: [Synth 8-3333] propagating constant 1 across sequential element (\data_out_reg[2]_LDC )
INFO: [Synth 8-3333] propagating constant 1 across sequential element (\data_out_reg[3]_LDC )
INFO: [Synth 8-3333] propagating constant 1 across sequential element (\data_out_reg[4]_LDC )
INFO: [Synth 8-3333] propagating constant 1 across sequential element (\data_out_reg[5]_LDC )
INFO: [Synth 8-3333] propagating constant 1 across sequential element (\data_out_reg[6]_LDC )
INFO: [Synth 8-3333] propagating constant 1 across sequential element (\data_out_reg[7]_LDC )
INFO: [Synth 8-3333] propagating constant 1 across sequential element (\data_out_reg[8]_LDC )
INFO: [Synth 8-3333] propagating constant 1 across sequential element (\data_out_reg[9]_LDC )
INFO: [Synth 8-3333] propagating constant 1 across sequential element (\data_out_reg[10]_LDC )
INFO: [Synth 8-3333] propagating constant 1 across sequential element (\data_out_reg[11]_LDC )
INFO: [Synth 8-3333] propagating constant 1 across sequential element (\data_out_reg[12]_LDC )
INFO: [Synth 8-3333] propagating constant 1 across sequential element (\data_out_reg[13]_LDC )
INFO: [Synth 8-3333] propagating constant 1 across sequential element (\data_out_reg[14]_LDC )
INFO: [Synth 8-3333] propagating constant 1 across sequential element (\data_out_reg[15]_LDC )
INFO: [Synth 8-3333] propagating constant 1 across sequential element (\data_out_reg[16]_LDC )
INFO: [Synth 8-3333] propagating constant 1 across sequential element (\data_out_reg[17]_LDC )
INFO: [Synth 8-3333] propagating constant 1 across sequential element (\data_out_reg[18]_LDC )
INFO: [Synth 8-3333] propagating constant 1 across sequential element (\data_out_reg[19]_LDC )
INFO: [Synth 8-3333] propagating constant 1 across sequential element (\data_out_reg[20]_LDC )
INFO: [Synth 8-3333] propagating constant 1 across sequential element (\data_out_reg[21]_LDC )
INFO: [Synth 8-3333] propagating constant 1 across sequential element (\data_out_reg[22]_LDC )
INFO: [Synth 8-3333] propagating constant 1 across sequential element (\data_out_reg[23]_LDC )
INFO: [Synth 8-3333] propagating constant 1 across sequential element (\data_out_reg[24]_LDC )
INFO: [Synth 8-3333] propagating constant 1 across sequential element (\data_out_reg[25]_LDC )
INFO: [Synth 8-3333] propagating constant 1 across sequential element (\data_out_reg[26]_LDC )
INFO: [Synth 8-3333] propagating constant 1 across sequential element (\data_out_reg[27]_LDC )
INFO: [Synth 8-3333] propagating constant 1 across sequential element (\data_out_reg[28]_LDC )
INFO: [Synth 8-3333] propagating constant 1 across sequential element (\data_out_reg[29]_LDC )
INFO: [Synth 8-3333] propagating constant 1 across sequential element (\data_out_reg[30]_LDC )
INFO: [Synth 8-3333] propagating constant 1 across sequential element (\data_out_reg[31]_LDC )
INFO: [Synth 8-3333] propagating constant 1 across sequential element (\data_out_reg[32]_LDC )
INFO: [Synth 8-3333] propagating constant 1 across sequential element (\data_out_reg[33]_LDC )
INFO: [Synth 8-3333] propagating constant 1 across sequential element (\data_out_reg[34]_LDC )
INFO: [Synth 8-3333] propagating constant 1 across sequential element (\data_out_reg[35]_LDC )
INFO: [Synth 8-3333] propagating constant 1 across sequential element (\data_out_reg[36]_LDC )
INFO: [Synth 8-3333] propagating constant 1 across sequential element (\data_out_reg[37]_LDC )
INFO: [Synth 8-3333] propagating constant 1 across sequential element (\data_out_reg[38]_LDC )
INFO: [Synth 8-3333] propagating constant 1 across sequential element (\data_out_reg[39]_LDC )
INFO: [Synth 8-3333] propagating constant 1 across sequential element (\data_out_reg[40]_LDC )
INFO: [Synth 8-3333] propagating constant 1 across sequential element (\data_out_reg[41]_LDC )
INFO: [Synth 8-3333] propagating constant 1 across sequential element (\data_out_reg[42]_LDC )
INFO: [Synth 8-3333] propagating constant 1 across sequential element (\data_out_reg[43]_LDC )
INFO: [Synth 8-3333] propagating constant 1 across sequential element (\data_out_reg[44]_LDC )
INFO: [Synth 8-3333] propagating constant 1 across sequential element (\data_out_reg[45]_LDC )
INFO: [Synth 8-3333] propagating constant 1 across sequential element (\data_out_reg[46]_LDC )
INFO: [Synth 8-3333] propagating constant 1 across sequential element (\data_out_reg[47]_LDC )
INFO: [Synth 8-3333] propagating constant 1 across sequential element (\data_out_reg[48]_LDC )
INFO: [Synth 8-3333] propagating constant 1 across sequential element (\data_out_reg[49]_LDC )
INFO: [Synth 8-3333] propagating constant 1 across sequential element (\data_out_reg[50]_LDC )
INFO: [Synth 8-3333] propagating constant 1 across sequential element (\data_out_reg[51]_LDC )
INFO: [Synth 8-3333] propagating constant 1 across sequential element (\data_out_reg[52]_LDC )
INFO: [Synth 8-3333] propagating constant 1 across sequential element (\data_out_reg[53]_LDC )
INFO: [Synth 8-3333] propagating constant 1 across sequential element (\data_out_reg[54]_LDC )
INFO: [Synth 8-3333] propagating constant 1 across sequential element (\data_out_reg[55]_LDC )
INFO: [Synth 8-3333] propagating constant 1 across sequential element (\data_out_reg[56]_LDC )
INFO: [Synth 8-3333] propagating constant 1 across sequential element (\data_out_reg[57]_LDC )
INFO: [Synth 8-3333] propagating constant 1 across sequential element (\data_out_reg[58]_LDC )
INFO: [Synth 8-3333] propagating constant 1 across sequential element (\data_out_reg[59]_LDC )
INFO: [Synth 8-3333] propagating constant 1 across sequential element (\data_out_reg[60]_LDC )
INFO: [Synth 8-3333] propagating constant 1 across sequential element (\data_out_reg[61]_LDC )
INFO: [Synth 8-3333] propagating constant 1 across sequential element (\data_out_reg[62]_LDC )
INFO: [Synth 8-3333] propagating constant 1 across sequential element (\data_out_reg[63]_LDC )
WARNING: [Synth 8-3332] Sequential element (data_out_reg[63]_LDC) is unused and will be removed from module fifo.
WARNING: [Synth 8-3332] Sequential element (data_out_reg[63]_C) is unused and will be removed from module fifo.
WARNING: [Synth 8-3332] Sequential element (data_out_reg[62]_LDC) is unused and will be removed from module fifo.
WARNING: [Synth 8-3332] Sequential element (data_out_reg[62]_C) is unused and will be removed from module fifo.
WARNING: [Synth 8-3332] Sequential element (data_out_reg[61]_LDC) is unused and will be removed from module fifo.
WARNING: [Synth 8-3332] Sequential element (data_out_reg[61]_C) is unused and will be removed from module fifo.
WARNING: [Synth 8-3332] Sequential element (data_out_reg[60]_LDC) is unused and will be removed from module fifo.
WARNING: [Synth 8-3332] Sequential element (data_out_reg[60]_C) is unused and will be removed from module fifo.
WARNING: [Synth 8-3332] Sequential element (data_out_reg[59]_LDC) is unused and will be removed from module fifo.
WARNING: [Synth 8-3332] Sequential element (data_out_reg[59]_C) is unused and will be removed from module fifo.
WARNING: [Synth 8-3332] Sequential element (data_out_reg[58]_LDC) is unused and will be removed from module fifo.
WARNING: [Synth 8-3332] Sequential element (data_out_reg[58]_C) is unused and will be removed from module fifo.
WARNING: [Synth 8-3332] Sequential element (data_out_reg[57]_LDC) is unused and will be removed from module fifo.
WARNING: [Synth 8-3332] Sequential element (data_out_reg[57]_C) is unused and will be removed from module fifo.
WARNING: [Synth 8-3332] Sequential element (data_out_reg[56]_LDC) is unused and will be removed from module fifo.
WARNING: [Synth 8-3332] Sequential element (data_out_reg[56]_C) is unused and will be removed from module fifo.
WARNING: [Synth 8-3332] Sequential element (data_out_reg[55]_LDC) is unused and will be removed from module fifo.
WARNING: [Synth 8-3332] Sequential element (data_out_reg[55]_C) is unused and will be removed from module fifo.
WARNING: [Synth 8-3332] Sequential element (data_out_reg[54]_LDC) is unused and will be removed from module fifo.
WARNING: [Synth 8-3332] Sequential element (data_out_reg[54]_C) is unused and will be removed from module fifo.
WARNING: [Synth 8-3332] Sequential element (data_out_reg[53]_LDC) is unused and will be removed from module fifo.
WARNING: [Synth 8-3332] Sequential element (data_out_reg[53]_C) is unused and will be removed from module fifo.
WARNING: [Synth 8-3332] Sequential element (data_out_reg[52]_LDC) is unused and will be removed from module fifo.
WARNING: [Synth 8-3332] Sequential element (data_out_reg[52]_C) is unused and will be removed from module fifo.
WARNING: [Synth 8-3332] Sequential element (data_out_reg[51]_LDC) is unused and will be removed from module fifo.
WARNING: [Synth 8-3332] Sequential element (data_out_reg[51]_C) is unused and will be removed from module fifo.
WARNING: [Synth 8-3332] Sequential element (data_out_reg[50]_LDC) is unused and will be removed from module fifo.
WARNING: [Synth 8-3332] Sequential element (data_out_reg[50]_C) is unused and will be removed from module fifo.
WARNING: [Synth 8-3332] Sequential element (data_out_reg[49]_LDC) is unused and will be removed from module fifo.
WARNING: [Synth 8-3332] Sequential element (data_out_reg[49]_C) is unused and will be removed from module fifo.
WARNING: [Synth 8-3332] Sequential element (data_out_reg[48]_LDC) is unused and will be removed from module fifo.
WARNING: [Synth 8-3332] Sequential element (data_out_reg[48]_C) is unused and will be removed from module fifo.
WARNING: [Synth 8-3332] Sequential element (data_out_reg[47]_LDC) is unused and will be removed from module fifo.
WARNING: [Synth 8-3332] Sequential element (data_out_reg[47]_C) is unused and will be removed from module fifo.
WARNING: [Synth 8-3332] Sequential element (data_out_reg[46]_LDC) is unused and will be removed from module fifo.
WARNING: [Synth 8-3332] Sequential element (data_out_reg[46]_C) is unused and will be removed from module fifo.
WARNING: [Synth 8-3332] Sequential element (data_out_reg[45]_LDC) is unused and will be removed from module fifo.
WARNING: [Synth 8-3332] Sequential element (data_out_reg[45]_C) is unused and will be removed from module fifo.
WARNING: [Synth 8-3332] Sequential element (data_out_reg[44]_LDC) is unused and will be removed from module fifo.
WARNING: [Synth 8-3332] Sequential element (data_out_reg[44]_C) is unused and will be removed from module fifo.
WARNING: [Synth 8-3332] Sequential element (data_out_reg[43]_LDC) is unused and will be removed from module fifo.
WARNING: [Synth 8-3332] Sequential element (data_out_reg[43]_C) is unused and will be removed from module fifo.
WARNING: [Synth 8-3332] Sequential element (data_out_reg[42]_LDC) is unused and will be removed from module fifo.
WARNING: [Synth 8-3332] Sequential element (data_out_reg[42]_C) is unused and will be removed from module fifo.
WARNING: [Synth 8-3332] Sequential element (data_out_reg[41]_LDC) is unused and will be removed from module fifo.
WARNING: [Synth 8-3332] Sequential element (data_out_reg[41]_C) is unused and will be removed from module fifo.
WARNING: [Synth 8-3332] Sequential element (data_out_reg[40]_LDC) is unused and will be removed from module fifo.
WARNING: [Synth 8-3332] Sequential element (data_out_reg[40]_C) is unused and will be removed from module fifo.
WARNING: [Synth 8-3332] Sequential element (data_out_reg[39]_LDC) is unused and will be removed from module fifo.
WARNING: [Synth 8-3332] Sequential element (data_out_reg[39]_C) is unused and will be removed from module fifo.
WARNING: [Synth 8-3332] Sequential element (data_out_reg[38]_LDC) is unused and will be removed from module fifo.
WARNING: [Synth 8-3332] Sequential element (data_out_reg[38]_C) is unused and will be removed from module fifo.
WARNING: [Synth 8-3332] Sequential element (data_out_reg[37]_LDC) is unused and will be removed from module fifo.
WARNING: [Synth 8-3332] Sequential element (data_out_reg[37]_C) is unused and will be removed from module fifo.
WARNING: [Synth 8-3332] Sequential element (data_out_reg[36]_LDC) is unused and will be removed from module fifo.
WARNING: [Synth 8-3332] Sequential element (data_out_reg[36]_C) is unused and will be removed from module fifo.
WARNING: [Synth 8-3332] Sequential element (data_out_reg[35]_LDC) is unused and will be removed from module fifo.
WARNING: [Synth 8-3332] Sequential element (data_out_reg[35]_C) is unused and will be removed from module fifo.
WARNING: [Synth 8-3332] Sequential element (data_out_reg[34]_LDC) is unused and will be removed from module fifo.
WARNING: [Synth 8-3332] Sequential element (data_out_reg[34]_C) is unused and will be removed from module fifo.
WARNING: [Synth 8-3332] Sequential element (data_out_reg[33]_LDC) is unused and will be removed from module fifo.
WARNING: [Synth 8-3332] Sequential element (data_out_reg[33]_C) is unused and will be removed from module fifo.
WARNING: [Synth 8-3332] Sequential element (data_out_reg[32]_LDC) is unused and will be removed from module fifo.
WARNING: [Synth 8-3332] Sequential element (data_out_reg[32]_C) is unused and will be removed from module fifo.
WARNING: [Synth 8-3332] Sequential element (data_out_reg[31]_LDC) is unused and will be removed from module fifo.
WARNING: [Synth 8-3332] Sequential element (data_out_reg[31]_C) is unused and will be removed from module fifo.
WARNING: [Synth 8-3332] Sequential element (data_out_reg[30]_LDC) is unused and will be removed from module fifo.
WARNING: [Synth 8-3332] Sequential element (data_out_reg[30]_C) is unused and will be removed from module fifo.
WARNING: [Synth 8-3332] Sequential element (data_out_reg[29]_LDC) is unused and will be removed from module fifo.
WARNING: [Synth 8-3332] Sequential element (data_out_reg[29]_C) is unused and will be removed from module fifo.
WARNING: [Synth 8-3332] Sequential element (data_out_reg[28]_LDC) is unused and will be removed from module fifo.
WARNING: [Synth 8-3332] Sequential element (data_out_reg[28]_C) is unused and will be removed from module fifo.
WARNING: [Synth 8-3332] Sequential element (data_out_reg[27]_LDC) is unused and will be removed from module fifo.
WARNING: [Synth 8-3332] Sequential element (data_out_reg[27]_C) is unused and will be removed from module fifo.
WARNING: [Synth 8-3332] Sequential element (data_out_reg[26]_LDC) is unused and will be removed from module fifo.
WARNING: [Synth 8-3332] Sequential element (data_out_reg[26]_C) is unused and will be removed from module fifo.
WARNING: [Synth 8-3332] Sequential element (data_out_reg[25]_LDC) is unused and will be removed from module fifo.
WARNING: [Synth 8-3332] Sequential element (data_out_reg[25]_C) is unused and will be removed from module fifo.
WARNING: [Synth 8-3332] Sequential element (data_out_reg[24]_LDC) is unused and will be removed from module fifo.
WARNING: [Synth 8-3332] Sequential element (data_out_reg[24]_C) is unused and will be removed from module fifo.
WARNING: [Synth 8-3332] Sequential element (data_out_reg[23]_LDC) is unused and will be removed from module fifo.
WARNING: [Synth 8-3332] Sequential element (data_out_reg[23]_C) is unused and will be removed from module fifo.
WARNING: [Synth 8-3332] Sequential element (data_out_reg[22]_LDC) is unused and will be removed from module fifo.
WARNING: [Synth 8-3332] Sequential element (data_out_reg[22]_C) is unused and will be removed from module fifo.
WARNING: [Synth 8-3332] Sequential element (data_out_reg[21]_LDC) is unused and will be removed from module fifo.
WARNING: [Synth 8-3332] Sequential element (data_out_reg[21]_C) is unused and will be removed from module fifo.
WARNING: [Synth 8-3332] Sequential element (data_out_reg[20]_LDC) is unused and will be removed from module fifo.
WARNING: [Synth 8-3332] Sequential element (data_out_reg[20]_C) is unused and will be removed from module fifo.
WARNING: [Synth 8-3332] Sequential element (data_out_reg[19]_LDC) is unused and will be removed from module fifo.
WARNING: [Synth 8-3332] Sequential element (data_out_reg[19]_C) is unused and will be removed from module fifo.
WARNING: [Synth 8-3332] Sequential element (data_out_reg[18]_LDC) is unused and will be removed from module fifo.
WARNING: [Synth 8-3332] Sequential element (data_out_reg[18]_C) is unused and will be removed from module fifo.
WARNING: [Synth 8-3332] Sequential element (data_out_reg[17]_LDC) is unused and will be removed from module fifo.
WARNING: [Synth 8-3332] Sequential element (data_out_reg[17]_C) is unused and will be removed from module fifo.
WARNING: [Synth 8-3332] Sequential element (data_out_reg[16]_LDC) is unused and will be removed from module fifo.
WARNING: [Synth 8-3332] Sequential element (data_out_reg[16]_C) is unused and will be removed from module fifo.
WARNING: [Synth 8-3332] Sequential element (data_out_reg[15]_LDC) is unused and will be removed from module fifo.
WARNING: [Synth 8-3332] Sequential element (data_out_reg[15]_C) is unused and will be removed from module fifo.
WARNING: [Synth 8-3332] Sequential element (data_out_reg[14]_LDC) is unused and will be removed from module fifo.
WARNING: [Synth 8-3332] Sequential element (data_out_reg[14]_C) is unused and will be removed from module fifo.
INFO: [Common 17-14] Message 'Synth 8-3332' appears 100 times and further instances of the messages will be disabled. Use the Tcl command set_msg_config to change the current settings.
---------------------------------------------------------------------------------
Finished Cross Boundary and Area Optimization : Time (s): cpu = 00:00:20 ; elapsed = 00:00:21 . Memory (MB): peak = 1004.574 ; gain = 403.363
---------------------------------------------------------------------------------

Report RTL Partitions: 
+-+--------------+------------+----------+
| |RTL Partition |Replication |Instances |
+-+--------------+------------+----------+
+-+--------------+------------+----------+
---------------------------------------------------------------------------------
Start Applying XDC Timing Constraints
---------------------------------------------------------------------------------
---------------------------------------------------------------------------------
Finished Applying XDC Timing Constraints : Time (s): cpu = 00:00:28 ; elapsed = 00:00:29 . Memory (MB): peak = 1004.574 ; gain = 403.363
---------------------------------------------------------------------------------
---------------------------------------------------------------------------------
Start Timing Optimization
---------------------------------------------------------------------------------
---------------------------------------------------------------------------------
Finished Timing Optimization : Time (s): cpu = 00:00:31 ; elapsed = 00:00:32 . Memory (MB): peak = 1097.016 ; gain = 495.805
---------------------------------------------------------------------------------

Report RTL Partitions: 
+-+--------------+------------+----------+
| |RTL Partition |Replication |Instances |
+-+--------------+------------+----------+
+-+--------------+------------+----------+
---------------------------------------------------------------------------------
Start Technology Mapping
---------------------------------------------------------------------------------
---------------------------------------------------------------------------------
Finished Technology Mapping : Time (s): cpu = 00:00:32 ; elapsed = 00:00:33 . Memory (MB): peak = 1097.016 ; gain = 495.805
---------------------------------------------------------------------------------

Report RTL Partitions: 
+-+--------------+------------+----------+
| |RTL Partition |Replication |Instances |
+-+--------------+------------+----------+
+-+--------------+------------+----------+
---------------------------------------------------------------------------------
Start IO Insertion
---------------------------------------------------------------------------------
---------------------------------------------------------------------------------
Start Flattening Before IO Insertion
---------------------------------------------------------------------------------
---------------------------------------------------------------------------------
Finished Flattening Before IO Insertion
---------------------------------------------------------------------------------
---------------------------------------------------------------------------------
Start Final Netlist Cleanup
---------------------------------------------------------------------------------
---------------------------------------------------------------------------------
Finished Final Netlist Cleanup
---------------------------------------------------------------------------------
---------------------------------------------------------------------------------
Finished IO Insertion : Time (s): cpu = 00:00:37 ; elapsed = 00:00:38 . Memory (MB): peak = 1097.016 ; gain = 495.805
---------------------------------------------------------------------------------
---------------------------------------------------------------------------------
Start Renaming Generated Instances
---------------------------------------------------------------------------------
---------------------------------------------------------------------------------
Finished Renaming Generated Instances : Time (s): cpu = 00:00:37 ; elapsed = 00:00:38 . Memory (MB): peak = 1097.016 ; gain = 495.805
---------------------------------------------------------------------------------

Report RTL Partitions: 
+-+--------------+------------+----------+
| |RTL Partition |Replication |Instances |
+-+--------------+------------+----------+
+-+--------------+------------+----------+

Report Check Netlist: 
+------+------------------+-------+---------+-------+------------------+
|      |Item              |Errors |Warnings |Status |Description       |
+------+------------------+-------+---------+-------+------------------+
|1     |multi_driven_nets |      0|        0|Passed |Multi driven nets |
+------+------------------+-------+---------+-------+------------------+
---------------------------------------------------------------------------------
Start Rebuilding User Hierarchy
---------------------------------------------------------------------------------
---------------------------------------------------------------------------------
Finished Rebuilding User Hierarchy : Time (s): cpu = 00:00:37 ; elapsed = 00:00:38 . Memory (MB): peak = 1097.016 ; gain = 495.805
---------------------------------------------------------------------------------
---------------------------------------------------------------------------------
Start Renaming Generated Ports
---------------------------------------------------------------------------------
---------------------------------------------------------------------------------
Finished Renaming Generated Ports : Time (s): cpu = 00:00:37 ; elapsed = 00:00:38 . Memory (MB): peak = 1097.016 ; gain = 495.805
---------------------------------------------------------------------------------
---------------------------------------------------------------------------------
Start Handling Custom Attributes
---------------------------------------------------------------------------------
---------------------------------------------------------------------------------
Finished Handling Custom Attributes : Time (s): cpu = 00:00:37 ; elapsed = 00:00:38 . Memory (MB): peak = 1097.016 ; gain = 495.805
---------------------------------------------------------------------------------
---------------------------------------------------------------------------------
Start Renaming Generated Nets
---------------------------------------------------------------------------------
---------------------------------------------------------------------------------
Finished Renaming Generated Nets : Time (s): cpu = 00:00:37 ; elapsed = 00:00:38 . Memory (MB): peak = 1097.016 ; gain = 495.805
---------------------------------------------------------------------------------
---------------------------------------------------------------------------------
Start Writing Synthesis Report
---------------------------------------------------------------------------------

Report BlackBoxes: 
+-+--------------+----------+
| |BlackBox name |Instances |
+-+--------------+----------+
+-+--------------+----------+

Report Cell Usage: 
+------+-------+------+
|      |Cell   |Count |
+------+-------+------+
|1     |BUFG   |     1|
|2     |CARRY4 |    40|
|3     |LUT1   |     3|
|4     |LUT2   |   178|
|5     |LUT3   |    64|
|6     |LUT4   |    70|
|7     |LUT5   |   515|
|8     |LUT6   |    30|
|9     |FDCE   |    96|
|10    |FDRE   |  1100|
|11    |IBUF   |    68|
|12    |OBUF   |    66|
+------+-------+------+

Report Instance Areas: 
+------+----------------+-------------+------+
|      |Instance        |Module       |Cells |
+------+----------------+-------------+------+
|1     |top             |             |  2231|
|2     |  \FIFO[0].FS0  |fifo_stage   |   193|
|3     |  \FIFO[1].FS0  |fifo_stage_0 |   128|
|4     |  \FIFO[2].FS0  |fifo_stage_1 |   128|
|5     |  \FIFO[3].FS0  |fifo_stage_2 |   128|
|6     |  \FIFO[4].FS0  |fifo_stage_3 |   128|
|7     |  \FIFO[5].FS0  |fifo_stage_4 |   128|
|8     |  \FIFO[6].FS0  |fifo_stage_5 |   128|
|9     |  \FIFO[7].FS0  |fifo_stage_6 |   128|
+------+----------------+-------------+------+
---------------------------------------------------------------------------------
Finished Writing Synthesis Report : Time (s): cpu = 00:00:37 ; elapsed = 00:00:38 . Memory (MB): peak = 1097.016 ; gain = 495.805
---------------------------------------------------------------------------------
Synthesis finished with 0 errors, 0 critical warnings and 128 warnings.
Synthesis Optimization Runtime : Time (s): cpu = 00:00:27 ; elapsed = 00:00:36 . Memory (MB): peak = 1097.016 ; gain = 379.168
Synthesis Optimization Complete : Time (s): cpu = 00:00:37 ; elapsed = 00:00:39 . Memory (MB): peak = 1097.016 ; gain = 495.805
INFO: [Project 1-571] Translating synthesized netlist
Netlist sorting complete. Time (s): cpu = 00:00:00 ; elapsed = 00:00:00.051 . Memory (MB): peak = 1097.016 ; gain = 0.000
INFO: [Netlist 29-17] Analyzing 40 Unisim elements for replacement
INFO: [Netlist 29-28] Unisim Transformation completed in 0 CPU seconds
INFO: [Project 1-570] Preparing netlist for logic optimization
INFO: [Opt 31-138] Pushed 0 inverter(s) to 0 load pin(s).
Netlist sorting complete. Time (s): cpu = 00:00:00 ; elapsed = 00:00:00 . Memory (MB): peak = 1097.016 ; gain = 0.000
INFO: [Project 1-111] Unisim Transformation Summary:
No Unisim elements were transformed.

INFO: [Common 17-83] Releasing license: Synthesis
82 Infos, 118 Warnings, 0 Critical Warnings and 0 Errors encountered.
synth_design completed successfully
synth_design: Time (s): cpu = 00:00:44 ; elapsed = 00:00:46 . Memory (MB): peak = 1097.016 ; gain = 791.520
Netlist sorting complete. Time (s): cpu = 00:00:00 ; elapsed = 00:00:00 . Memory (MB): peak = 1097.016 ; gain = 0.000
WARNING: [Constraints 18-5210] No constraints selected for write.
Resolution: This message can indicate that there are no constraints for the design, or it can indicate that the used_in flags are set such that the constraints are ignored. This later case is used when running synth_design to not write synthesis constraints to the resulting checkpoint. Instead, project constraints are read when the synthesized design is opened.
INFO: [Common 17-1381] The checkpoint 'D:/Programming/Git/cse125/Lab3/Lab3.runs/synth_1/fifo.dcp' has been generated.
INFO: [runtcl-4] Executing : report_utilization -file fifo_utilization_synth.rpt -pb fifo_utilization_synth.pb
INFO: [Common 17-206] Exiting Vivado at Mon Apr 27 15:35:47 2020...
