#
# There is insufficient memory for the Java Runtime Environment to continue.
# Native memory allocation (malloc) failed to allocate 635216 bytes for Chunk::new
# Possible reasons:
#   The system is out of physical RAM or swap space
#   The process is running with CompressedOops enabled, and the Java Heap may be blocking the growth of the native heap
# Possible solutions:
#   Reduce memory load on the system
#   Increase physical memory or swap space
#   Check if swap backing store is full
#   Decrease Java heap size (-Xmx/-Xms)
#   Decrease number of Java threads
#   Decrease Java thread stack sizes (-Xss)
#   Set larger code cache with -XX:ReservedCodeCacheSize=
#   JVM is running with Zero Based Compressed Oops mode in which the Java heap is
#     placed in the first 32GB address space. The Java Heap base address is the
#     maximum limit for the native heap growth. Please use -XX:HeapBaseMinAddress
#     to set the Java Heap base and to place the Java Heap above 32GB virtual address.
# This output file may be truncated or incomplete.
#
#  Out of Memory Error (t:/workspace/hotspot/src/share/vm/memory/allocation.cpp:372), pid=15996, tid=7320
#
# JRE version: Java(TM) SE Runtime Environment (9.0+11) (build 9.0.4+11)
# Java VM: Java HotSpot(TM) 64-Bit Server VM (9.0.4+11, mixed mode, tiered, compressed oops, g1 gc, windows-amd64)
# No core dump will be written. Minidumps are not enabled by default on client versions of Windows
#

---------------  S U M M A R Y ------------

Command Line: -Dsun.java2d.pmoffscreen=false -Dsun.java2d.xrender=false -Dsun.java2d.d3d=false -Dsun.awt.nopixfmt=true -Dsun.java2d.dpiaware=true -Dsun.java2d.uiScale.enabled=false -Xverify:none -Dswing.aatext=true -XX:-UsePerfData -Djdk.map.althashing.threshold=512 -XX:StringTableSize=4072 --add-opens=java.base/java.nio=ALL-UNNAMED --add-opens=java.desktop/sun.swing=ALL-UNNAMED --add-opens=java.desktop/javax.swing=ALL-UNNAMED --add-opens=java.desktop/javax.swing.tree=ALL-UNNAMED --add-opens=java.desktop/javax.swing.plaf.basic=ALL-UNNAMED --add-opens=java.desktop/javax.swing.plaf.synth=ALL-UNNAMED --add-opens=java.desktop/com.sun.awt=ALL-UNNAMED -XX:NewSize=60m -XX:MaxNewSize=60m -Xms128m -Xmx3072m -Xss5m 

Host: Intel(R) Core(TM) i3-8145U CPU @ 2.10GHz, 4 cores, 7G,  Windows 10 , 64 bit Build 18362 (10.0.18362.329)
Time: Sat Apr 11 16:43:30 2020 Pacific Daylight Time elapsed time: 144 seconds (0d 0h 2m 24s)

---------------  T H R E A D  ---------------

Current thread (0x00000167d5dfb800):  JavaThread "C2 CompilerThread0" daemon [_thread_in_native, id=7320, stack(0x0000004f5c300000,0x0000004f5c400000)]


Current CompileTask:
C2: 144944 15096       4       com.jidesoft.swing.FastGradientPainter::drawGradient (394 bytes)

Stack: [0x0000004f5c300000,0x0000004f5c400000]
Native frames: (J=compiled Java code, j=interpreted, Vv=VM code, C=native code)
V  [jvm.dll+0x587068]
V  [jvm.dll+0x69c25e]
V  [jvm.dll+0x69d17a]
V  [jvm.dll+0x69d7b3]
V  [jvm.dll+0x21d198]
V  [jvm.dll+0xa7aac]
V  [jvm.dll+0xa83ec]
V  [jvm.dll+0x320ef5]
V  [jvm.dll+0x17b8ac]
V  [jvm.dll+0x1e9bed]
V  [jvm.dll+0x1e8d86]
V  [jvm.dll+0x1691cb]
V  [jvm.dll+0x1f6570]
V  [jvm.dll+0x1f51f6]
V  [jvm.dll+0x66b44f]
V  [jvm.dll+0x586490]
C  [MSVCR120.dll+0x24f7f]
C  [MSVCR120.dll+0x25126]
C  [KERNEL32.DLL+0x17bd4]
C  [ntdll.dll+0x6ced1]


---------------  P R O C E S S  ---------------

Java Threads: ( => current thread )
  0x00000167f5bce800 JavaThread "Image Animator 3" daemon [_thread_blocked, id=13648, stack(0x0000004f60600000,0x0000004f60b00000)]
  0x00000167f5bcf000 JavaThread "Image Animator 3" daemon [_thread_blocked, id=6484, stack(0x0000004f63500000,0x0000004f63a00000)]
  0x00000167f5bc9000 JavaThread "SyntheticaAnimation 50" daemon [_thread_blocked, id=13124, stack(0x0000004f62b00000,0x0000004f63000000)]
  0x00000167f5bcd800 JavaThread "ForkJoinPool.commonPool-worker-1" daemon [_thread_blocked, id=7204, stack(0x0000004f62600000,0x0000004f62b00000)]
  0x00000167f5bca000 JavaThread "SyntheticaAnimation 50" daemon [_thread_blocked, id=21796, stack(0x0000004f64000000,0x0000004f64500000)]
  0x00000167f5bcc000 JavaThread "Update Runs Swing Worker Thread" [_thread_blocked, id=23616, stack(0x0000004f63000000,0x0000004f63500000)]
  0x00000167f5bc8800 JavaThread "hw_ila_monitor" [_thread_blocked, id=4232, stack(0x0000004f62100000,0x0000004f62600000)]
  0x00000167d5e14000 JavaThread "Refresh Filesets Swing Worker Thread" [_thread_in_native, id=23140, stack(0x0000004f5ea00000,0x0000004f5ef00000)]
  0x00000167d5e11000 JavaThread "SyntheticaAnimation 70" daemon [_thread_blocked, id=7492, stack(0x0000004f61c00000,0x0000004f62100000)]
  0x00000167d5e0f800 JavaThread "SyntheticaAnimation 25" daemon [_thread_blocked, id=6300, stack(0x0000004f61700000,0x0000004f61c00000)]
  0x00000167d5e0d000 JavaThread "SyntheticaAnimation 50" daemon [_thread_blocked, id=16228, stack(0x0000004f61200000,0x0000004f61700000)]
  0x00000167d5e12800 JavaThread "Monitor HEventQueue Thread" [_thread_blocked, id=21744, stack(0x0000004f60d00000,0x0000004f61200000)]
  0x00000167d5e10000 JavaThread "SyntheticaCleanerThread" daemon [_thread_blocked, id=10872, stack(0x0000004f5ef00000,0x0000004f5f400000)]
  0x00000167d5e11800 JavaThread "Batik CleanerThread" daemon [_thread_blocked, id=4748, stack(0x0000004f5fe00000,0x0000004f60300000)]
  0x00000167f4cc5000 JavaThread "AWT-EventQueue-1" [_thread_blocked, id=3272, stack(0x0000004f5f900000,0x0000004f5fe00000)]
  0x00000167d42ed800 JavaThread "AWT-Shutdown" [_thread_blocked, id=13284, stack(0x0000004f5f400000,0x0000004f5f900000)]
  0x00000167f4234000 JavaThread "Process Messages Thread" [_thread_blocked, id=14452, stack(0x0000004f5db00000,0x0000004f5e000000)]
  0x00000167f4233000 JavaThread "Thread-1" [_thread_in_native, id=12724, stack(0x0000004f58c00000,0x0000004f5a000000)]
  0x00000167d4ca0000 JavaThread "TimerQueue" daemon [_thread_blocked, id=2924, stack(0x0000004f5e500000,0x0000004f5ea00000)]
  0x00000167d40e6800 JavaThread "AWT-Windows" daemon [_thread_in_native, id=22964, stack(0x0000004f5e000000,0x0000004f5e500000)]
  0x00000167d140a800 JavaThread "Java2D Disposer" daemon [_thread_blocked, id=21700, stack(0x0000004f5d600000,0x0000004f5db00000)]
  0x00000167cea3b000 JavaThread "Service Thread" daemon [_thread_blocked, id=16508, stack(0x0000004f5d000000,0x0000004f5d500000)]
  0x00000167d5e18800 JavaThread "Common-Cleaner" daemon [_thread_blocked, id=8088, stack(0x0000004f5cb00000,0x0000004f5d000000)]
  0x00000167d5e0e800 JavaThread "Sweeper thread" daemon [_thread_blocked, id=21084, stack(0x0000004f5c600000,0x0000004f5cb00000)]
  0x00000167d5e0c800 JavaThread "C1 CompilerThread2" daemon [_thread_blocked, id=15624, stack(0x0000004f5c500000,0x0000004f5c600000)]
  0x00000167d5e0b800 JavaThread "C2 CompilerThread1" daemon [_thread_blocked, id=22160, stack(0x0000004f5c400000,0x0000004f5c500000)]
=>0x00000167d5dfb800 JavaThread "C2 CompilerThread0" daemon [_thread_in_native, id=7320, stack(0x0000004f5c300000,0x0000004f5c400000)]
  0x00000167d5df8800 JavaThread "Attach Listener" daemon [_thread_blocked, id=2172, stack(0x0000004f5be00000,0x0000004f5c300000)]
  0x00000167d5df8000 JavaThread "Signal Dispatcher" daemon [_thread_blocked, id=8616, stack(0x0000004f5b900000,0x0000004f5be00000)]
  0x00000167d5df3000 JavaThread "Finalizer" daemon [_thread_blocked, id=14580, stack(0x0000004f5b400000,0x0000004f5b900000)]
  0x00000167d5df2000 JavaThread "Reference Handler" daemon [_thread_blocked, id=6664, stack(0x0000004f5af00000,0x0000004f5b400000)]
  0x00000167ccf3e800 JavaThread "main" [_thread_blocked, id=8116, stack(0x0000004f58b00000,0x0000004f58c00000)]

Other Threads:
  0x00000167cc079800 VMThread "VM Thread" [stack: 0x0000004f5ae00000,0x0000004f5af00000] [id=15384]
  0x00000167ce9ab800 WatcherThread [stack: 0x0000004f5d500000,0x0000004f5d600000] [id=16348]
  0x00000167cb567800 GCTaskThread "GC Thread#0" [stack: 0x0000004f5a300000,0x0000004f5a400000] [id=9076]
  0x00000167d1755800 GCTaskThread "GC Thread#1" [stack: 0x0000004f5a400000,0x0000004f5a500000] [id=23860]
  0x00000167d1756000 GCTaskThread "GC Thread#2" [stack: 0x0000004f5a500000,0x0000004f5a600000] [id=17668]
  0x00000167d0302000 GCTaskThread "GC Thread#3" [stack: 0x0000004f5a600000,0x0000004f5a700000] [id=4524]
  0x00000167c71ce000 ConcurrentGCThread "G1 Main Marker" [stack: 0x0000004f5ac00000,0x0000004f5ad00000] [id=15396]
  0x00000167cc7f8800 ConcurrentGCThread "G1 Marker#0" [stack: 0x0000004f5ad00000,0x0000004f5ae00000] [id=20596]
  0x00000167cb133800 ConcurrentGCThread "G1 Refine#0" [stack: 0x0000004f5aa00000,0x0000004f5ab00000] [id=12172]
  0x00000167d1379000 ConcurrentGCThread "G1 Refine#1" [stack: 0x0000004f5a900000,0x0000004f5aa00000] [id=15800]
  0x00000167d6247000 ConcurrentGCThread "G1 Refine#2" [stack: 0x0000004f5a800000,0x0000004f5a900000] [id=12736]
  0x00000167d560f800 ConcurrentGCThread "G1 Refine#3" [stack: 0x0000004f5a700000,0x0000004f5a800000] [id=10472]
  0x00000167cb134000 ConcurrentGCThread "G1 Young RemSet Sampling" [stack: 0x0000004f5ab00000,0x0000004f5ac00000] [id=10280]

Threads with active compile tasks:
C2 CompilerThread015096       4       com.jidesoft.swing.FastGradientPainter::drawGradient (394 bytes)

VM state:not at safepoint (normal execution)

VM Mutex/Monitor currently owned by a thread: None

Heap address: 0x0000000700000000, size: 3072 MB, Compressed Oops mode: Zero based, Oop shift amount: 3
Narrow klass base: 0x0000000000000000, Narrow klass shift: 3
Compressed class space size: 1073741824 Address: 0x00000007c0000000

Heap:
 garbage-first heap   total 190464K, used 111379K [0x0000000700000000, 0x00000007001005d0, 0x00000007c0000000)
  region size 1024K, 51 young (52224K), 0 survivors (0K)
 Metaspace       used 74037K, capacity 79105K, committed 79356K, reserved 1118208K
  class space    used 10254K, capacity 11149K, committed 11260K, reserved 1048576K
Heap Regions: E=young(eden), S=young(survivor), O=old, HS=humongous(starts), HC=humongous(continues), CS=collection set, F=free, A=archive, TS=gc time stamp, AC=allocation context, TAMS=top-at-mark-start (previous, next)
|   0|0x0000000700000000, 0x00000007000fc168, 0x0000000700100000| 98%| O|  |TS  0|AC  0|TAMS 0x0000000700000000, 0x0000000700000000|
|   1|0x0000000700100000, 0x00000007001fffd0, 0x0000000700200000| 99%| O|  |TS  0|AC  0|TAMS 0x0000000700100000, 0x0000000700100000|
|   2|0x0000000700200000, 0x0000000700300000, 0x0000000700300000|100%| O|  |TS  0|AC  0|TAMS 0x0000000700200000, 0x0000000700200000|
|   3|0x0000000700300000, 0x00000007003ed960, 0x0000000700400000| 92%| O|  |TS  0|AC  0|TAMS 0x0000000700300000, 0x0000000700300000|
|   4|0x0000000700400000, 0x0000000700500000, 0x0000000700500000|100%|HS|  |TS  0|AC  0|TAMS 0x0000000700400000, 0x0000000700400000|
|   5|0x0000000700500000, 0x0000000700600000, 0x0000000700600000|100%|HC|  |TS  0|AC  0|TAMS 0x0000000700500000, 0x0000000700500000|
|   6|0x0000000700600000, 0x0000000700700000, 0x0000000700700000|100%|HS|  |TS  0|AC  0|TAMS 0x0000000700600000, 0x0000000700600000|
|   7|0x0000000700700000, 0x0000000700800000, 0x0000000700800000|100%| O|  |TS  0|AC  0|TAMS 0x0000000700700000, 0x0000000700700000|
|   8|0x0000000700800000, 0x00000007008fec18, 0x0000000700900000| 99%| O|  |TS  0|AC  0|TAMS 0x0000000700800000, 0x0000000700800000|
|   9|0x0000000700900000, 0x00000007009fffc8, 0x0000000700a00000| 99%| O|  |TS  0|AC  0|TAMS 0x0000000700900000, 0x0000000700900000|
|  10|0x0000000700a00000, 0x0000000700afffc8, 0x0000000700b00000| 99%| O|  |TS  0|AC  0|TAMS 0x0000000700a00000, 0x0000000700a00000|
|  11|0x0000000700b00000, 0x0000000700bffff8, 0x0000000700c00000| 99%| O|  |TS  0|AC  0|TAMS 0x0000000700b00000, 0x0000000700b00000|
|  12|0x0000000700c00000, 0x0000000700cffff0, 0x0000000700d00000| 99%| O|  |TS  0|AC  0|TAMS 0x0000000700c00000, 0x0000000700c00000|
|  13|0x0000000700d00000, 0x0000000700e00000, 0x0000000700e00000|100%| O|  |TS  0|AC  0|TAMS 0x0000000700d00000, 0x0000000700d00000|
|  14|0x0000000700e00000, 0x0000000700efb320, 0x0000000700f00000| 98%| O|  |TS  0|AC  0|TAMS 0x0000000700e00000, 0x0000000700e00000|
|  15|0x0000000700f00000, 0x0000000700ff5040, 0x0000000701000000| 95%| O|  |TS  0|AC  0|TAMS 0x0000000700f00000, 0x0000000700f00000|
|  16|0x0000000701000000, 0x00000007010ffff0, 0x0000000701100000| 99%| O|  |TS  0|AC  0|TAMS 0x0000000701000000, 0x0000000701000000|
|  17|0x0000000701100000, 0x00000007011fffe8, 0x0000000701200000| 99%| O|  |TS  0|AC  0|TAMS 0x0000000701100000, 0x0000000701100000|
|  18|0x0000000701200000, 0x00000007012ffff0, 0x0000000701300000| 99%| O|  |TS  0|AC  0|TAMS 0x0000000701200000, 0x0000000701200000|
|  19|0x0000000701300000, 0x00000007013ffff8, 0x0000000701400000| 99%| O|  |TS  0|AC  0|TAMS 0x0000000701300000, 0x0000000701300000|
|  20|0x0000000701400000, 0x00000007014ffff8, 0x0000000701500000| 99%| O|  |TS  0|AC  0|TAMS 0x0000000701400000, 0x0000000701400000|
|  21|0x0000000701500000, 0x0000000701600000, 0x0000000701600000|100%|HS|  |TS  0|AC  0|TAMS 0x0000000701500000, 0x0000000701500000|
|  22|0x0000000701600000, 0x00000007016febc0, 0x0000000701700000| 99%| O|  |TS  0|AC  0|TAMS 0x0000000701600000, 0x0000000701600000|
|  23|0x0000000701700000, 0x00000007017ffff8, 0x0000000701800000| 99%| O|  |TS  0|AC  0|TAMS 0x0000000701700000, 0x0000000701700000|
|  24|0x0000000701800000, 0x0000000701900000, 0x0000000701900000|100%| O|  |TS  0|AC  0|TAMS 0x0000000701800000, 0x0000000701800000|
|  25|0x0000000701900000, 0x00000007019fffe8, 0x0000000701a00000| 99%| O|  |TS  0|AC  0|TAMS 0x0000000701900000, 0x0000000701900000|
|  26|0x0000000701a00000, 0x0000000701b00000, 0x0000000701b00000|100%| O|  |TS  0|AC  0|TAMS 0x0000000701a00000, 0x0000000701a00000|
|  27|0x0000000701b00000, 0x0000000701bffff0, 0x0000000701c00000| 99%| O|  |TS  0|AC  0|TAMS 0x0000000701b00000, 0x0000000701b00000|
|  28|0x0000000701c00000, 0x0000000701cfffd8, 0x0000000701d00000| 99%| O|  |TS  0|AC  0|TAMS 0x0000000701c00000, 0x0000000701c00000|
|  29|0x0000000701d00000, 0x0000000701e00000, 0x0000000701e00000|100%| O|  |TS  0|AC  0|TAMS 0x0000000701d00000, 0x0000000701d00000|
|  30|0x0000000701e00000, 0x0000000701effc68, 0x0000000701f00000| 99%| O|  |TS  0|AC  0|TAMS 0x0000000701e00000, 0x0000000701e00000|
|  31|0x0000000701f00000, 0x0000000702000000, 0x0000000702000000|100%| O|  |TS  0|AC  0|TAMS 0x0000000701f00000, 0x0000000701f00000|
|  32|0x0000000702000000, 0x00000007020ffff8, 0x0000000702100000| 99%| O|  |TS  0|AC  0|TAMS 0x0000000702000000, 0x0000000702000000|
|  33|0x0000000702100000, 0x0000000702200000, 0x0000000702200000|100%| O|  |TS  0|AC  0|TAMS 0x0000000702100000, 0x0000000702100000|
|  34|0x0000000702200000, 0x00000007022dcbf8, 0x0000000702300000| 86%| O|  |TS  0|AC  0|TAMS 0x0000000702200000, 0x0000000702200000|
|  35|0x0000000702300000, 0x00000007023ffff8, 0x0000000702400000| 99%| O|  |TS  0|AC  0|TAMS 0x0000000702300000, 0x0000000702300000|
|  36|0x0000000702400000, 0x00000007024ffff0, 0x0000000702500000| 99%| O|  |TS  0|AC  0|TAMS 0x0000000702400000, 0x0000000702400000|
|  37|0x0000000702500000, 0x00000007025ffff8, 0x0000000702600000| 99%| O|  |TS  0|AC  0|TAMS 0x0000000702500000, 0x0000000702500000|
|  38|0x0000000702600000, 0x00000007026fffb0, 0x0000000702700000| 99%| O|  |TS  0|AC  0|TAMS 0x0000000702600000, 0x0000000702600000|
|  39|0x0000000702700000, 0x00000007027ffff0, 0x0000000702800000| 99%| O|  |TS  0|AC  0|TAMS 0x0000000702700000, 0x0000000702700000|
|  40|0x0000000702800000, 0x00000007028ffff0, 0x0000000702900000| 99%| O|  |TS  0|AC  0|TAMS 0x0000000702800000, 0x0000000702800000|
|  41|0x0000000702900000, 0x00000007029ffff0, 0x0000000702a00000| 99%| O|  |TS  0|AC  0|TAMS 0x0000000702900000, 0x0000000702900000|
|  42|0x0000000702a00000, 0x0000000702b00000, 0x0000000702b00000|100%| O|  |TS  0|AC  0|TAMS 0x0000000702a00000, 0x0000000702a00000|
|  43|0x0000000702b00000, 0x0000000702bffff8, 0x0000000702c00000| 99%| O|  |TS  0|AC  0|TAMS 0x0000000702b00000, 0x0000000702b00000|
|  44|0x0000000702c00000, 0x0000000702cff100, 0x0000000702d00000| 99%| O|  |TS  0|AC  0|TAMS 0x0000000702c00000, 0x0000000702c00000|
|  45|0x0000000702d00000, 0x0000000702e00000, 0x0000000702e00000|100%|HS|  |TS  0|AC  0|TAMS 0x0000000702d00000, 0x0000000702d00000|
|  46|0x0000000702e00000, 0x0000000702f00000, 0x0000000702f00000|100%|HC|  |TS  0|AC  0|TAMS 0x0000000702e00000, 0x0000000702e00000|
|  47|0x0000000702f00000, 0x0000000703000000, 0x0000000703000000|100%|HC|  |TS  0|AC  0|TAMS 0x0000000702f00000, 0x0000000702f00000|
|  48|0x0000000703000000, 0x0000000703100000, 0x0000000703100000|100%|HC|  |TS  0|AC  0|TAMS 0x0000000703000000, 0x0000000703000000|
|  49|0x0000000703100000, 0x0000000703200000, 0x0000000703200000|100%|HC|  |TS  0|AC  0|TAMS 0x0000000703100000, 0x0000000703100000|
|  50|0x0000000703200000, 0x0000000703300000, 0x0000000703300000|100%|HC|  |TS  0|AC  0|TAMS 0x0000000703200000, 0x0000000703200000|
|  51|0x0000000703300000, 0x0000000703400000, 0x0000000703400000|100%|HC|  |TS  0|AC  0|TAMS 0x0000000703300000, 0x0000000703300000|
|  52|0x0000000703400000, 0x0000000703500000, 0x0000000703500000|100%|HC|  |TS  0|AC  0|TAMS 0x0000000703400000, 0x0000000703400000|
|  53|0x0000000703500000, 0x0000000703600000, 0x0000000703600000|100%| O|  |TS  0|AC  0|TAMS 0x0000000703500000, 0x0000000703500000|
|  54|0x0000000703600000, 0x00000007036ffff8, 0x0000000703700000| 99%| O|  |TS  0|AC  0|TAMS 0x0000000703600000, 0x0000000703600000|
|  55|0x0000000703700000, 0x00000007037ffff8, 0x0000000703800000| 99%| O|  |TS  0|AC  0|TAMS 0x0000000703700000, 0x0000000703700000|
|  56|0x0000000703800000, 0x00000007038ffef8, 0x0000000703900000| 99%| O|  |TS  0|AC  0|TAMS 0x0000000703800000, 0x0000000703800000|
|  57|0x0000000703900000, 0x00000007039ffff8, 0x0000000703a00000| 99%| O|  |TS  0|AC  0|TAMS 0x0000000703900000, 0x0000000703900000|
|  58|0x0000000703a00000, 0x0000000703affff8, 0x0000000703b00000| 99%| O|  |TS  0|AC  0|TAMS 0x0000000703a00000, 0x0000000703a00000|
|  59|0x0000000703b00000, 0x0000000703b120a8, 0x0000000703c00000|  7%| O|  |TS  0|AC  0|TAMS 0x0000000703b00000, 0x0000000703b00000|
|  60|0x0000000703c00000, 0x0000000703c00000, 0x0000000703d00000|  0%| F|  |TS  0|AC  0|TAMS 0x0000000703c00000, 0x0000000703c00000|
|  61|0x0000000703d00000, 0x0000000703d00000, 0x0000000703e00000|  0%| F|  |TS  0|AC  0|TAMS 0x0000000703d00000, 0x0000000703d00000|
|  62|0x0000000703e00000, 0x0000000703e00000, 0x0000000703f00000|  0%| F|  |TS  0|AC  0|TAMS 0x0000000703e00000, 0x0000000703e00000|
|  63|0x0000000703f00000, 0x0000000703f00000, 0x0000000704000000|  0%| F|  |TS  0|AC  0|TAMS 0x0000000703f00000, 0x0000000703f00000|
|  64|0x0000000704000000, 0x0000000704000000, 0x0000000704100000|  0%| F|  |TS  0|AC  0|TAMS 0x0000000704000000, 0x0000000704000000|
|  65|0x0000000704100000, 0x0000000704100000, 0x0000000704200000|  0%| F|  |TS  0|AC  0|TAMS 0x0000000704100000, 0x0000000704100000|
|  66|0x0000000704200000, 0x0000000704200000, 0x0000000704300000|  0%| F|  |TS  0|AC  0|TAMS 0x0000000704200000, 0x0000000704200000|
|  67|0x0000000704300000, 0x0000000704300000, 0x0000000704400000|  0%| F|  |TS  0|AC  0|TAMS 0x0000000704300000, 0x0000000704300000|
|  68|0x0000000704400000, 0x0000000704400000, 0x0000000704500000|  0%| F|  |TS  0|AC  0|TAMS 0x0000000704400000, 0x0000000704400000|
|  69|0x0000000704500000, 0x0000000704500000, 0x0000000704600000|  0%| F|  |TS  0|AC  0|TAMS 0x0000000704500000, 0x0000000704500000|
|  70|0x0000000704600000, 0x0000000704600000, 0x0000000704700000|  0%| F|  |TS  0|AC  0|TAMS 0x0000000704600000, 0x0000000704600000|
|  71|0x0000000704700000, 0x0000000704700000, 0x0000000704800000|  0%| F|  |TS  0|AC  0|TAMS 0x0000000704700000, 0x0000000704700000|
|  72|0x0000000704800000, 0x0000000704800000, 0x0000000704900000|  0%| F|  |TS  0|AC  0|TAMS 0x0000000704800000, 0x0000000704800000|
|  73|0x0000000704900000, 0x0000000704900000, 0x0000000704a00000|  0%| F|  |TS  0|AC  0|TAMS 0x0000000704900000, 0x0000000704900000|
|  74|0x0000000704a00000, 0x0000000704a00000, 0x0000000704b00000|  0%| F|  |TS  0|AC  0|TAMS 0x0000000704a00000, 0x0000000704a00000|
|  75|0x0000000704b00000, 0x0000000704b00000, 0x0000000704c00000|  0%| F|  |TS  0|AC  0|TAMS 0x0000000704b00000, 0x0000000704b00000|
|  76|0x0000000704c00000, 0x0000000704c00000, 0x0000000704d00000|  0%| F|  |TS  0|AC  0|TAMS 0x0000000704c00000, 0x0000000704c00000|
|  77|0x0000000704d00000, 0x0000000704d00000, 0x0000000704e00000|  0%| F|  |TS  0|AC  0|TAMS 0x0000000704d00000, 0x0000000704d00000|
|  78|0x0000000704e00000, 0x0000000704e00000, 0x0000000704f00000|  0%| F|  |TS  0|AC  0|TAMS 0x0000000704e00000, 0x0000000704e00000|
|  79|0x0000000704f00000, 0x0000000704f00000, 0x0000000705000000|  0%| F|  |TS  0|AC  0|TAMS 0x0000000704f00000, 0x0000000704f00000|
|  80|0x0000000705000000, 0x0000000705000000, 0x0000000705100000|  0%| F|  |TS  0|AC  0|TAMS 0x0000000705000000, 0x0000000705000000|
|  81|0x0000000705100000, 0x0000000705100000, 0x0000000705200000|  0%| F|  |TS  0|AC  0|TAMS 0x0000000705100000, 0x0000000705100000|
|  82|0x0000000705200000, 0x0000000705200000, 0x0000000705300000|  0%| F|  |TS  0|AC  0|TAMS 0x0000000705200000, 0x0000000705200000|
|  83|0x0000000705300000, 0x0000000705300000, 0x0000000705400000|  0%| F|  |TS  0|AC  0|TAMS 0x0000000705300000, 0x0000000705300000|
|  84|0x0000000705400000, 0x0000000705400000, 0x0000000705500000|  0%| F|  |TS  0|AC  0|TAMS 0x0000000705400000, 0x0000000705400000|
|  85|0x0000000705500000, 0x0000000705500000, 0x0000000705600000|  0%| F|  |TS  0|AC  0|TAMS 0x0000000705500000, 0x0000000705500000|
|  86|0x0000000705600000, 0x0000000705600000, 0x0000000705700000|  0%| F|  |TS  0|AC  0|TAMS 0x0000000705600000, 0x0000000705600000|
|  87|0x0000000705700000, 0x0000000705700000, 0x0000000705800000|  0%| F|  |TS  0|AC  0|TAMS 0x0000000705700000, 0x0000000705700000|
|  88|0x0000000705800000, 0x0000000705800000, 0x0000000705900000|  0%| F|  |TS  0|AC  0|TAMS 0x0000000705800000, 0x0000000705800000|
|  89|0x0000000705900000, 0x0000000705900000, 0x0000000705a00000|  0%| F|  |TS  0|AC  0|TAMS 0x0000000705900000, 0x0000000705900000|
|  90|0x0000000705a00000, 0x0000000705a00000, 0x0000000705b00000|  0%| F|  |TS  0|AC  0|TAMS 0x0000000705a00000, 0x0000000705a00000|
|  91|0x0000000705b00000, 0x0000000705b00000, 0x0000000705c00000|  0%| F|  |TS  0|AC  0|TAMS 0x0000000705b00000, 0x0000000705b00000|
|  92|0x0000000705c00000, 0x0000000705c00000, 0x0000000705d00000|  0%| F|  |TS  0|AC  0|TAMS 0x0000000705c00000, 0x0000000705c00000|
|  93|0x0000000705d00000, 0x0000000705d00000, 0x0000000705e00000|  0%| F|  |TS  0|AC  0|TAMS 0x0000000705d00000, 0x0000000705d00000|
|  94|0x0000000705e00000, 0x0000000705e00000, 0x0000000705f00000|  0%| F|  |TS  0|AC  0|TAMS 0x0000000705e00000, 0x0000000705e00000|
|  95|0x0000000705f00000, 0x0000000705f00000, 0x0000000706000000|  0%| F|  |TS  0|AC  0|TAMS 0x0000000705f00000, 0x0000000705f00000|
|  96|0x0000000706000000, 0x0000000706000000, 0x0000000706100000|  0%| F|  |TS  0|AC  0|TAMS 0x0000000706000000, 0x0000000706000000|
|  97|0x0000000706100000, 0x0000000706100000, 0x0000000706200000|  0%| F|  |TS  0|AC  0|TAMS 0x0000000706100000, 0x0000000706100000|
|  98|0x0000000706200000, 0x0000000706200000, 0x0000000706300000|  0%| F|  |TS  0|AC  0|TAMS 0x0000000706200000, 0x0000000706200000|
|  99|0x0000000706300000, 0x0000000706300000, 0x0000000706400000|  0%| F|  |TS  0|AC  0|TAMS 0x0000000706300000, 0x0000000706300000|
| 100|0x0000000706400000, 0x0000000706400000, 0x0000000706500000|  0%| F|  |TS  0|AC  0|TAMS 0x0000000706400000, 0x0000000706400000|
| 101|0x0000000706500000, 0x0000000706500000, 0x0000000706600000|  0%| F|  |TS  0|AC  0|TAMS 0x0000000706500000, 0x0000000706500000|
| 102|0x0000000706600000, 0x0000000706600000, 0x0000000706700000|  0%| F|  |TS  0|AC  0|TAMS 0x0000000706600000, 0x0000000706600000|
| 103|0x0000000706700000, 0x0000000706700000, 0x0000000706800000|  0%| F|  |TS  0|AC  0|TAMS 0x0000000706700000, 0x0000000706700000|
| 104|0x0000000706800000, 0x0000000706800000, 0x0000000706900000|  0%| F|  |TS  0|AC  0|TAMS 0x0000000706800000, 0x0000000706800000|
| 105|0x0000000706900000, 0x0000000706900000, 0x0000000706a00000|  0%| F|  |TS  0|AC  0|TAMS 0x0000000706900000, 0x0000000706900000|
| 106|0x0000000706a00000, 0x0000000706a00000, 0x0000000706b00000|  0%| F|  |TS  0|AC  0|TAMS 0x0000000706a00000, 0x0000000706a00000|
| 107|0x0000000706b00000, 0x0000000706b00000, 0x0000000706c00000|  0%| F|  |TS  0|AC  0|TAMS 0x0000000706b00000, 0x0000000706b00000|
| 108|0x0000000706c00000, 0x0000000706c00000, 0x0000000706d00000|  0%| F|  |TS  0|AC  0|TAMS 0x0000000706c00000, 0x0000000706c00000|
| 109|0x0000000706d00000, 0x0000000706d00000, 0x0000000706e00000|  0%| F|  |TS  0|AC  0|TAMS 0x0000000706d00000, 0x0000000706d00000|
| 110|0x0000000706e00000, 0x0000000706e00000, 0x0000000706f00000|  0%| F|  |TS  0|AC  0|TAMS 0x0000000706e00000, 0x0000000706e00000|
| 111|0x0000000706f00000, 0x0000000706f00000, 0x0000000707000000|  0%| F|  |TS  0|AC  0|TAMS 0x0000000706f00000, 0x0000000706f00000|
| 112|0x0000000707000000, 0x0000000707000000, 0x0000000707100000|  0%| F|  |TS  0|AC  0|TAMS 0x0000000707000000, 0x0000000707000000|
| 113|0x0000000707100000, 0x0000000707100000, 0x0000000707200000|  0%| F|  |TS  0|AC  0|TAMS 0x0000000707100000, 0x0000000707100000|
| 114|0x0000000707200000, 0x0000000707200000, 0x0000000707300000|  0%| F|  |TS  0|AC  0|TAMS 0x0000000707200000, 0x0000000707200000|
| 115|0x0000000707300000, 0x0000000707300000, 0x0000000707400000|  0%| F|  |TS  0|AC  0|TAMS 0x0000000707300000, 0x0000000707300000|
| 116|0x0000000707400000, 0x0000000707400000, 0x0000000707500000|  0%| F|  |TS  0|AC  0|TAMS 0x0000000707400000, 0x0000000707400000|
| 117|0x0000000707500000, 0x0000000707500000, 0x0000000707600000|  0%| F|  |TS  0|AC  0|TAMS 0x0000000707500000, 0x0000000707500000|
| 118|0x0000000707600000, 0x0000000707600000, 0x0000000707700000|  0%| F|  |TS  0|AC  0|TAMS 0x0000000707600000, 0x0000000707600000|
| 119|0x0000000707700000, 0x0000000707700000, 0x0000000707800000|  0%| F|  |TS  0|AC  0|TAMS 0x0000000707700000, 0x0000000707700000|
| 120|0x0000000707800000, 0x0000000707800000, 0x0000000707900000|  0%| F|  |TS  0|AC  0|TAMS 0x0000000707800000, 0x0000000707800000|
| 121|0x0000000707900000, 0x0000000707900000, 0x0000000707a00000|  0%| F|  |TS  0|AC  0|TAMS 0x0000000707900000, 0x0000000707900000|
| 122|0x0000000707a00000, 0x0000000707a00000, 0x0000000707b00000|  0%| F|  |TS  0|AC  0|TAMS 0x0000000707a00000, 0x0000000707a00000|
| 123|0x0000000707b00000, 0x0000000707b00000, 0x0000000707c00000|  0%| F|  |TS  0|AC  0|TAMS 0x0000000707b00000, 0x0000000707b00000|
| 124|0x0000000707c00000, 0x0000000707c00000, 0x0000000707d00000|  0%| F|  |TS  0|AC  0|TAMS 0x0000000707c00000, 0x0000000707c00000|
| 125|0x0000000707d00000, 0x0000000707d00000, 0x0000000707e00000|  0%| F|  |TS  0|AC  0|TAMS 0x0000000707d00000, 0x0000000707d00000|
| 126|0x0000000707e00000, 0x0000000707e00000, 0x0000000707f00000|  0%| F|  |TS  0|AC  0|TAMS 0x0000000707e00000, 0x0000000707e00000|
| 127|0x0000000707f00000, 0x0000000707f00000, 0x0000000708000000|  0%| F|  |TS  0|AC  0|TAMS 0x0000000707f00000, 0x0000000707f00000|
| 128|0x0000000708000000, 0x0000000708000000, 0x0000000708100000|  0%| F|  |TS  0|AC  0|TAMS 0x0000000708000000, 0x0000000708000000|
| 129|0x0000000708100000, 0x0000000708100000, 0x0000000708200000|  0%| F|  |TS  0|AC  0|TAMS 0x0000000708100000, 0x0000000708100000|
| 130|0x0000000708200000, 0x0000000708200000, 0x0000000708300000|  0%| F|  |TS  0|AC  0|TAMS 0x0000000708200000, 0x0000000708200000|
| 131|0x0000000708300000, 0x0000000708300000, 0x0000000708400000|  0%| F|  |TS  0|AC  0|TAMS 0x0000000708300000, 0x0000000708300000|
| 132|0x0000000708400000, 0x0000000708400000, 0x0000000708500000|  0%| F|  |TS  0|AC  0|TAMS 0x0000000708400000, 0x0000000708400000|
| 133|0x0000000708500000, 0x0000000708500000, 0x0000000708600000|  0%| F|  |TS  0|AC  0|TAMS 0x0000000708500000, 0x0000000708500000|
| 134|0x0000000708600000, 0x0000000708600000, 0x0000000708700000|  0%| F|  |TS  0|AC  0|TAMS 0x0000000708600000, 0x0000000708600000|
| 135|0x0000000708700000, 0x00000007087071d8, 0x0000000708800000|  2%| E|  |TS  0|AC  0|TAMS 0x0000000708700000, 0x0000000708700000|
| 136|0x0000000708800000, 0x0000000708900000, 0x0000000708900000|100%| E|CS|TS  0|AC  0|TAMS 0x0000000708800000, 0x0000000708800000|
| 137|0x0000000708900000, 0x0000000708a00000, 0x0000000708a00000|100%| E|CS|TS  0|AC  0|TAMS 0x0000000708900000, 0x0000000708900000|
| 138|0x0000000708a00000, 0x0000000708b00000, 0x0000000708b00000|100%| E|CS|TS  0|AC  0|TAMS 0x0000000708a00000, 0x0000000708a00000|
| 139|0x0000000708b00000, 0x0000000708c00000, 0x0000000708c00000|100%| E|CS|TS  0|AC  0|TAMS 0x0000000708b00000, 0x0000000708b00000|
| 140|0x0000000708c00000, 0x0000000708d00000, 0x0000000708d00000|100%| E|CS|TS  0|AC  0|TAMS 0x0000000708c00000, 0x0000000708c00000|
| 141|0x0000000708d00000, 0x0000000708e00000, 0x0000000708e00000|100%| E|CS|TS  0|AC  0|TAMS 0x0000000708d00000, 0x0000000708d00000|
| 142|0x0000000708e00000, 0x0000000708f00000, 0x0000000708f00000|100%| E|CS|TS  0|AC  0|TAMS 0x0000000708e00000, 0x0000000708e00000|
| 143|0x0000000708f00000, 0x0000000709000000, 0x0000000709000000|100%| E|CS|TS  0|AC  0|TAMS 0x0000000708f00000, 0x0000000708f00000|
| 144|0x0000000709000000, 0x0000000709100000, 0x0000000709100000|100%| E|CS|TS  0|AC  0|TAMS 0x0000000709000000, 0x0000000709000000|
| 145|0x0000000709100000, 0x0000000709200000, 0x0000000709200000|100%| E|CS|TS  0|AC  0|TAMS 0x0000000709100000, 0x0000000709100000|
| 146|0x0000000709200000, 0x0000000709300000, 0x0000000709300000|100%| E|CS|TS  0|AC  0|TAMS 0x0000000709200000, 0x0000000709200000|
| 147|0x0000000709300000, 0x0000000709400000, 0x0000000709400000|100%| E|CS|TS  0|AC  0|TAMS 0x0000000709300000, 0x0000000709300000|
| 148|0x0000000709400000, 0x0000000709500000, 0x0000000709500000|100%| E|CS|TS  0|AC  0|TAMS 0x0000000709400000, 0x0000000709400000|
| 149|0x0000000709500000, 0x0000000709600000, 0x0000000709600000|100%| E|CS|TS  0|AC  0|TAMS 0x0000000709500000, 0x0000000709500000|
| 150|0x0000000709600000, 0x0000000709700000, 0x0000000709700000|100%| E|CS|TS  0|AC  0|TAMS 0x0000000709600000, 0x0000000709600000|
| 151|0x0000000709700000, 0x0000000709800000, 0x0000000709800000|100%| E|CS|TS  0|AC  0|TAMS 0x0000000709700000, 0x0000000709700000|
| 152|0x0000000709800000, 0x0000000709900000, 0x0000000709900000|100%| E|CS|TS  0|AC  0|TAMS 0x0000000709800000, 0x0000000709800000|
| 153|0x0000000709900000, 0x0000000709a00000, 0x0000000709a00000|100%| E|CS|TS  0|AC  0|TAMS 0x0000000709900000, 0x0000000709900000|
| 154|0x0000000709a00000, 0x0000000709b00000, 0x0000000709b00000|100%| E|CS|TS  0|AC  0|TAMS 0x0000000709a00000, 0x0000000709a00000|
| 155|0x0000000709b00000, 0x0000000709c00000, 0x0000000709c00000|100%| E|CS|TS  0|AC  0|TAMS 0x0000000709b00000, 0x0000000709b00000|
| 156|0x0000000709c00000, 0x0000000709d00000, 0x0000000709d00000|100%| E|CS|TS  0|AC  0|TAMS 0x0000000709c00000, 0x0000000709c00000|
| 157|0x0000000709d00000, 0x0000000709e00000, 0x0000000709e00000|100%| E|CS|TS  0|AC  0|TAMS 0x0000000709d00000, 0x0000000709d00000|
| 158|0x0000000709e00000, 0x0000000709f00000, 0x0000000709f00000|100%| E|CS|TS  0|AC  0|TAMS 0x0000000709e00000, 0x0000000709e00000|
| 159|0x0000000709f00000, 0x000000070a000000, 0x000000070a000000|100%| E|CS|TS  0|AC  0|TAMS 0x0000000709f00000, 0x0000000709f00000|
| 160|0x000000070a000000, 0x000000070a100000, 0x000000070a100000|100%| E|CS|TS  0|AC  0|TAMS 0x000000070a000000, 0x000000070a000000|
| 161|0x000000070a100000, 0x000000070a200000, 0x000000070a200000|100%| E|CS|TS  0|AC  0|TAMS 0x000000070a100000, 0x000000070a100000|
| 162|0x000000070a200000, 0x000000070a300000, 0x000000070a300000|100%| E|CS|TS  0|AC  0|TAMS 0x000000070a200000, 0x000000070a200000|
| 163|0x000000070a300000, 0x000000070a400000, 0x000000070a400000|100%| E|CS|TS  0|AC  0|TAMS 0x000000070a300000, 0x000000070a300000|
| 164|0x000000070a400000, 0x000000070a500000, 0x000000070a500000|100%| E|CS|TS  0|AC  0|TAMS 0x000000070a400000, 0x000000070a400000|
| 165|0x000000070a500000, 0x000000070a600000, 0x000000070a600000|100%| E|CS|TS  0|AC  0|TAMS 0x000000070a500000, 0x000000070a500000|
| 166|0x000000070a600000, 0x000000070a700000, 0x000000070a700000|100%| E|CS|TS  0|AC  0|TAMS 0x000000070a600000, 0x000000070a600000|
| 167|0x000000070a700000, 0x000000070a800000, 0x000000070a800000|100%| E|CS|TS  0|AC  0|TAMS 0x000000070a700000, 0x000000070a700000|
| 168|0x000000070a800000, 0x000000070a900000, 0x000000070a900000|100%| E|CS|TS  0|AC  0|TAMS 0x000000070a800000, 0x000000070a800000|
| 169|0x000000070a900000, 0x000000070aa00000, 0x000000070aa00000|100%| E|CS|TS  0|AC  0|TAMS 0x000000070a900000, 0x000000070a900000|
| 170|0x000000070aa00000, 0x000000070ab00000, 0x000000070ab00000|100%| E|CS|TS  0|AC  0|TAMS 0x000000070aa00000, 0x000000070aa00000|
| 171|0x000000070ab00000, 0x000000070ac00000, 0x000000070ac00000|100%| E|CS|TS  0|AC  0|TAMS 0x000000070ab00000, 0x000000070ab00000|
| 172|0x000000070ac00000, 0x000000070ad00000, 0x000000070ad00000|100%| E|CS|TS  0|AC  0|TAMS 0x000000070ac00000, 0x000000070ac00000|
| 173|0x000000070ad00000, 0x000000070ae00000, 0x000000070ae00000|100%| E|CS|TS  0|AC  0|TAMS 0x000000070ad00000, 0x000000070ad00000|
| 174|0x000000070ae00000, 0x000000070af00000, 0x000000070af00000|100%| E|CS|TS  0|AC  0|TAMS 0x000000070ae00000, 0x000000070ae00000|
| 175|0x000000070af00000, 0x000000070b000000, 0x000000070b000000|100%| E|CS|TS  0|AC  0|TAMS 0x000000070af00000, 0x000000070af00000|
| 176|0x000000070b000000, 0x000000070b100000, 0x000000070b100000|100%| E|CS|TS  0|AC  0|TAMS 0x000000070b000000, 0x000000070b000000|
| 177|0x000000070b100000, 0x000000070b200000, 0x000000070b200000|100%| E|CS|TS  0|AC  0|TAMS 0x000000070b100000, 0x000000070b100000|
| 178|0x000000070b200000, 0x000000070b300000, 0x000000070b300000|100%| E|CS|TS  0|AC  0|TAMS 0x000000070b200000, 0x000000070b200000|
| 179|0x000000070b300000, 0x000000070b400000, 0x000000070b400000|100%| E|CS|TS  0|AC  0|TAMS 0x000000070b300000, 0x000000070b300000|
| 180|0x000000070b400000, 0x000000070b500000, 0x000000070b500000|100%| E|CS|TS  0|AC  0|TAMS 0x000000070b400000, 0x000000070b400000|
| 181|0x000000070b500000, 0x000000070b600000, 0x000000070b600000|100%| E|CS|TS  0|AC  0|TAMS 0x000000070b500000, 0x000000070b500000|
| 182|0x000000070b600000, 0x000000070b700000, 0x000000070b700000|100%| E|CS|TS  0|AC  0|TAMS 0x000000070b600000, 0x000000070b600000|
| 183|0x000000070b700000, 0x000000070b800000, 0x000000070b800000|100%| E|CS|TS  0|AC  0|TAMS 0x000000070b700000, 0x000000070b700000|
| 184|0x000000070b800000, 0x000000070b900000, 0x000000070b900000|100%| E|CS|TS  0|AC  0|TAMS 0x000000070b800000, 0x000000070b800000|
| 185|0x000000070b900000, 0x000000070ba00000, 0x000000070ba00000|100%| E|CS|TS  0|AC  0|TAMS 0x000000070b900000, 0x000000070b900000|

Card table byte_map: [0x00000167d2b20000,0x00000167d3120000] byte_map_base: 0x00000167cf320000

Marking Bits (Prev, Next): (CMBitMap*) 0x00000167d112c4a0, (CMBitMap*) 0x00000167d112c4d8
 Prev Bits: [0x00000167ebf70000, 0x00000167eef70000)
 Next Bits: [0x00000167eef70000, 0x00000167f1f70000)

Polling page: 0x00000167c8d00000

CodeHeap 'non-profiled nmethods': size=120064Kb used=13082Kb max_used=13082Kb free=106981Kb
 bounds [0x00000167e4a30000, 0x00000167e5710000, 0x00000167ebf70000]
CodeHeap 'profiled nmethods': size=120000Kb used=36890Kb max_used=36890Kb free=83109Kb
 bounds [0x00000167dd500000, 0x00000167df9a0000, 0x00000167e4a30000]
CodeHeap 'non-nmethods': size=5696Kb used=1713Kb max_used=1775Kb free=3982Kb
 bounds [0x00000167dcf70000, 0x00000167dd1e0000, 0x00000167dd500000]
 total_blobs=21178 nmethods=13203 adapters=1017
 compilation: enabled

Compilation events (10 events):
Event: 143.274 Thread 0x00000167d5e0c800 nmethod 15091 0x00000167e4ed5110 code [0x00000167e4ed52c0, 0x00000167e4ed53b8]
Event: 143.274 Thread 0x00000167d5e0c800 15092       1       ui.views.x.b.at::x (5 bytes)
Event: 143.275 Thread 0x00000167d5e0c800 nmethod 15092 0x00000167e4f1d410 code [0x00000167e4f1d5c0, 0x00000167e4f1d6b8]
Event: 143.601 Thread 0x00000167d5e0c800 15093       3       com.jidesoft.plaf.basic.BasicCellSpanTableUIDelegate::c (640 bytes)
Event: 143.605 Thread 0x00000167d5e0c800 nmethod 15093 0x00000167df98ec90 code [0x00000167df98f1a0, 0x00000167df992bb0]
Event: 144.205 Thread 0x00000167d5e0c800 15094       3       java.lang.Class::getEnclosingClass (70 bytes)
Event: 144.206 Thread 0x00000167d5e0c800 nmethod 15094 0x00000167dde35190 code [0x00000167dde353e0, 0x00000167dde35c10]
Event: 144.206 Thread 0x00000167d5e0c800 15095       3       java.lang.Class::getEnclosingMethodInfo (20 bytes)
Event: 144.206 Thread 0x00000167d5e0c800 nmethod 15095 0x00000167ddc21990 code [0x00000167ddc21b60, 0x00000167ddc21e00]
Event: 144.841 Thread 0x00000167d5dfb800 15096       4       com.jidesoft.swing.FastGradientPainter::drawGradient (394 bytes)

GC Heap History (10 events):
Event: 86.157 GC heap before
{Heap before GC invocations=39 (full 1):
 garbage-first heap   total 190464K, used 122559K [0x0000000700000000, 0x00000007001005d0, 0x00000007c0000000)
  region size 1024K, 60 young (61440K), 3 survivors (3072K)
 Metaspace       used 73031K, capacity 77991K, committed 78204K, reserved 1116160K
  class space    used 10152K, capacity 11036K, committed 11132K, reserved 1048576K
}
Event: 86.163 GC heap after
{Heap after GC invocations=40 (full 1):
 garbage-first heap   total 190464K, used 64294K [0x0000000700000000, 0x00000007001005d0, 0x00000007c0000000)
  region size 1024K, 3 young (3072K), 3 survivors (3072K)
 Metaspace       used 73031K, capacity 77991K, committed 78204K, reserved 1116160K
  class space    used 10152K, capacity 11036K, committed 11132K, reserved 1048576K
}
Event: 86.648 GC heap before
{Heap before GC invocations=40 (full 1):
 garbage-first heap   total 190464K, used 122662K [0x0000000700000000, 0x00000007001005d0, 0x00000007c0000000)
  region size 1024K, 60 young (61440K), 3 survivors (3072K)
 Metaspace       used 73032K, capacity 77991K, committed 78204K, reserved 1116160K
  class space    used 10152K, capacity 11036K, committed 11132K, reserved 1048576K
}
Event: 86.654 GC heap after
{Heap after GC invocations=41 (full 1):
 garbage-first heap   total 190464K, used 64294K [0x0000000700000000, 0x00000007001005d0, 0x00000007c0000000)
  region size 1024K, 3 young (3072K), 3 survivors (3072K)
 Metaspace       used 73032K, capacity 77991K, committed 78204K, reserved 1116160K
  class space    used 10152K, capacity 11036K, committed 11132K, reserved 1048576K
}
Event: 87.078 GC heap before
{Heap before GC invocations=41 (full 1):
 garbage-first heap   total 190464K, used 122662K [0x0000000700000000, 0x00000007001005d0, 0x00000007c0000000)
  region size 1024K, 60 young (61440K), 3 survivors (3072K)
 Metaspace       used 73033K, capacity 77991K, committed 78204K, reserved 1116160K
  class space    used 10152K, capacity 11036K, committed 11132K, reserved 1048576K
}
Event: 87.084 GC heap after
{Heap after GC invocations=42 (full 1):
 garbage-first heap   total 190464K, used 64291K [0x0000000700000000, 0x00000007001005d0, 0x00000007c0000000)
  region size 1024K, 3 young (3072K), 3 survivors (3072K)
 Metaspace       used 73033K, capacity 77991K, committed 78204K, reserved 1116160K
  class space    used 10152K, capacity 11036K, committed 11132K, reserved 1048576K
}
Event: 90.217 GC heap before
{Heap before GC invocations=42 (full 1):
 garbage-first heap   total 190464K, used 122659K [0x0000000700000000, 0x00000007001005d0, 0x00000007c0000000)
  region size 1024K, 60 young (61440K), 3 survivors (3072K)
 Metaspace       used 73649K, capacity 78715K, committed 78844K, reserved 1116160K
  class space    used 10251K, capacity 11148K, committed 11260K, reserved 1048576K
}
Event: 90.225 GC heap after
{Heap after GC invocations=43 (full 1):
 garbage-first heap   total 190464K, used 66563K [0x0000000700000000, 0x00000007001005d0, 0x00000007c0000000)
  region size 1024K, 5 young (5120K), 5 survivors (5120K)
 Metaspace       used 73649K, capacity 78715K, committed 78844K, reserved 1116160K
  class space    used 10251K, capacity 11148K, committed 11260K, reserved 1048576K
}
Event: 92.019 GC heap before
{Heap before GC invocations=43 (full 1):
 garbage-first heap   total 190464K, used 114691K [0x0000000700000000, 0x00000007001005d0, 0x00000007c0000000)
  region size 1024K, 53 young (54272K), 5 survivors (5120K)
 Metaspace       used 73760K, capacity 78843K, committed 79100K, reserved 1118208K
  class space    used 10252K, capacity 11148K, committed 11260K, reserved 1048576K
}
Event: 92.218 GC heap after
{Heap after GC invocations=44 (full 2):
 garbage-first heap   total 190464K, used 60179K [0x0000000700000000, 0x00000007001005d0, 0x00000007c0000000)
  region size 1024K, 0 young (0K), 0 survivors (0K)
 Metaspace       used 73760K, capacity 78843K, committed 79100K, reserved 1118208K
  class space    used 10252K, capacity 11148K, committed 11260K, reserved 1048576K
}

Deoptimization events (10 events):
Event: 89.931 Thread 0x00000167f4cc5000 Uncommon trap: reason=class_check action=maybe_recompile pc=0x00000167e566c78c method=javax.swing.text.html.HTMLEditorKit$HTMLFactory$BodyBlockView.layoutMinorAxis(II[I[I)V @ 21 c2
Event: 89.979 Thread 0x00000167f4cc5000 Uncommon trap: reason=unstable_if action=reinterpret pc=0x00000167e539bddc method=com.jidesoft.grid.CellSpanTable.isCellSpanOn()Z @ 36 c2
Event: 90.066 Thread 0x00000167f4cc5000 Uncommon trap: reason=predicate action=maybe_recompile pc=0x00000167e4cca9f0 method=java.util.TimSort.reverseRange([Ljava/lang/Object;II)V @ 8 c2
Event: 90.066 Thread 0x00000167f4cc5000 Uncommon trap: reason=array_check action=maybe_recompile pc=0x00000167e5592630 method=java.util.TimSort.binarySort([Ljava/lang/Object;IIILjava/util/Comparator;)V @ 183 c2
Event: 90.426 Thread 0x00000167f4cc5000 Uncommon trap: reason=unstable_if action=reinterpret pc=0x00000167e4c1f6f8 method=java.awt.LightweightDispatcher.retargetMouseEvent(Ljava/awt/Component;ILjava/awt/event/MouseEvent;)V @ 22 c2
Event: 90.433 Thread 0x00000167f4cc5000 Uncommon trap: reason=array_check action=maybe_recompile pc=0x00000167e5592630 method=java.util.TimSort.binarySort([Ljava/lang/Object;IIILjava/util/Comparator;)V @ 183 c2
Event: 92.219 Thread 0x00000167d4ca0000 Uncommon trap: reason=unstable_if action=reinterpret pc=0x00000167e552bacc method=java.util.concurrent.locks.ReentrantLock$Sync.nonfairTryAcquire(I)Z @ 19 c2
Event: 111.829 Thread 0x00000167f4cc5000 Uncommon trap: reason=unstable_if action=reinterpret pc=0x00000167e563cc60 method=javax.swing.ImageIcon.paintIcon(Ljava/awt/Component;Ljava/awt/Graphics;II)V @ 4 c2
Event: 111.831 Thread 0x00000167f4cc5000 Uncommon trap: reason=unstable_if action=reinterpret pc=0x00000167e55f1c14 method=com.jidesoft.plaf.basic.BasicStyledLabelUI.layoutCompoundLabelImpl(Ljavax/swing/JComponent;Ljava/awt/FontMetrics;Ljava/lang/String;Ljavax/swing/Icon;IIIILjava/awt/Rectangle;
Event: 113.540 Thread 0x00000167f5bce800 Uncommon trap: reason=unstable_if action=reinterpret pc=0x00000167e542fd5c method=java.awt.image.ReplicateScaleFilter.setPixels(IIIILjava/awt/image/ColorModel;[BII)V @ 187 c2

Classes redefined (0 events):
No events

Internal exceptions (10 events):
Event: 89.569 Thread 0x00000167f4cc5000 Implicit null exception at 0x00000167e4cb9f30 to 0x00000167e4cbc131
Event: 89.606 Thread 0x00000167f4cc5000 Exception <a 'java/io/FileNotFoundException'{0x000000070924e198}> (0x000000070924e198) thrown at [t:/workspace/hotspot/src/share/vm/prims/jni.cpp, line 604]
Event: 89.608 Thread 0x00000167f4cc5000 Exception <a 'java/io/FileNotFoundException'{0x000000070925e5d8}> (0x000000070925e5d8) thrown at [t:/workspace/hotspot/src/share/vm/prims/jni.cpp, line 604]
Event: 89.608 Thread 0x00000167f4cc5000 Exception <a 'java/io/FileNotFoundException'{0x000000070925f3a8}> (0x000000070925f3a8) thrown at [t:/workspace/hotspot/src/share/vm/prims/jni.cpp, line 604]
Event: 89.617 Thread 0x00000167f4cc5000 Implicit null exception at 0x00000167e53f1a91 to 0x00000167e53f3dd9
Event: 89.979 Thread 0x00000167f4cc5000 Implicit null exception at 0x00000167e539bd7f to 0x00000167e539bdcd
Event: 92.859 Thread 0x00000167f5bcf000 Exception <a 'java/lang/InterruptedException'{0x000000070b39ff58}: sleep interrupted> (0x000000070b39ff58) thrown at [t:/workspace/hotspot/src/share/vm/prims/jvm.cpp, line 2984]
Event: 92.859 Thread 0x00000167f5bca800 Exception <a 'java/lang/InterruptedException'{0x000000070b3b0218}: sleep interrupted> (0x000000070b3b0218) thrown at [t:/workspace/hotspot/src/share/vm/prims/jvm.cpp, line 2984]
Event: 111.825 Thread 0x00000167f5bce800 Exception <a 'java/lang/InterruptedException'{0x000000070a88dd20}: sleep interrupted> (0x000000070a88dd20) thrown at [t:/workspace/hotspot/src/share/vm/prims/jvm.cpp, line 2984]
Event: 111.825 Thread 0x00000167f5bce800 Exception <a 'java/lang/InterruptedException'{0x000000070a89ba88}: sleep interrupted> (0x000000070a89ba88) thrown at [t:/workspace/hotspot/src/share/vm/prims/jvm.cpp, line 2984]

Events (10 events):
Event: 140.266 Thread 0x00000167f5bca800 Thread added: 0x00000167f5bca800
Event: 140.268 Thread 0x00000167f5bca800 Thread exited: 0x00000167f5bca800
Event: 141.267 Thread 0x00000167f5bca800 Thread added: 0x00000167f5bca800
Event: 141.269 Thread 0x00000167f5bca800 Thread exited: 0x00000167f5bca800
Event: 142.267 Thread 0x00000167f5bca800 Thread added: 0x00000167f5bca800
Event: 142.280 Thread 0x00000167f5bca800 Thread exited: 0x00000167f5bca800
Event: 143.270 Thread 0x00000167f5bca800 Thread added: 0x00000167f5bca800
Event: 143.274 Thread 0x00000167f5bca800 Thread exited: 0x00000167f5bca800
Event: 144.270 Thread 0x00000167f5bca800 Thread added: 0x00000167f5bca800
Event: 144.273 Thread 0x00000167f5bca800 Thread exited: 0x00000167f5bca800


Dynamic libraries:
0x00007ff690740000 - 0x00007ff690770000 	C:\Xilinx\Vivado\2019.2\bin\unwrapped\win64.o\vivado.exe
0x00007ffdbaf80000 - 0x00007ffdbb170000 	C:\Windows\SYSTEM32\ntdll.dll
0x00007ffdbab80000 - 0x00007ffdbac32000 	C:\Windows\System32\KERNEL32.DLL
0x00007ffdb8bd0000 - 0x00007ffdb8e73000 	C:\Windows\System32\KERNELBASE.dll
0x00007ffdb8ad0000 - 0x00007ffdb8bca000 	C:\Windows\System32\ucrtbase.dll
0x00007ffdaf330000 - 0x00007ffdaf3cb000 	C:\Windows\SYSTEM32\MSVCP140.dll
0x00007ffdb0c50000 - 0x00007ffdb0c64000 	C:\Xilinx\Vivado\2019.2\lib\win64.o\libboost_signals.dll
0x00007ffdb0be0000 - 0x00007ffdb0bf6000 	C:\Xilinx\Vivado\2019.2\lib\win64.o\librdi_commonmain.dll
0x00007ffd82330000 - 0x00007ffd83273000 	C:\Xilinx\Vivado\2019.2\lib\win64.o\librdi_common.dll
0x00007ffdb0c70000 - 0x00007ffdb0c85000 	C:\Windows\SYSTEM32\VCRUNTIME140.dll
0x00007ffdba560000 - 0x00007ffdba6f4000 	C:\Windows\System32\USER32.dll
0x00007ffdb8880000 - 0x00007ffdb88a1000 	C:\Windows\System32\win32u.dll
0x00007ffdb9030000 - 0x00007ffdb9056000 	C:\Windows\System32\GDI32.dll
0x00007ffdb8930000 - 0x00007ffdb8ac4000 	C:\Windows\System32\gdi32full.dll
0x00007ffdb87c0000 - 0x00007ffdb885e000 	C:\Windows\System32\msvcp_win.dll
0x00007ffdaf9f0000 - 0x00007ffdafa16000 	C:\Xilinx\Vivado\2019.2\lib\win64.o\libboost_filesystem.dll
0x00007ffdb0bd0000 - 0x00007ffdb0bda000 	C:\Xilinx\Vivado\2019.2\lib\win64.o\librdi_commonversion.dll
0x00007ffdba3c0000 - 0x00007ffdba463000 	C:\Windows\System32\ADVAPI32.dll
0x00007ffd9a580000 - 0x00007ffd9a721000 	C:\Xilinx\Vivado\2019.2\lib\win64.o\librdi_commonxillic.dll
0x00007ffdbac70000 - 0x00007ffdbad0e000 	C:\Windows\System32\msvcrt.dll
0x00007ffdb9a00000 - 0x00007ffdb9a6f000 	C:\Windows\System32\WS2_32.dll
0x00007ffdb9a70000 - 0x00007ffdba155000 	C:\Windows\System32\SHELL32.dll
0x00007ffdb9960000 - 0x00007ffdb99f7000 	C:\Windows\System32\sechost.dll
0x00007ffdba160000 - 0x00007ffdba280000 	C:\Windows\System32\RPCRT4.dll
0x00007ffdb7f60000 - 0x00007ffdb7f86000 	C:\Windows\System32\bcrypt.dll
0x00007ffdb7f10000 - 0x00007ffdb7f5a000 	C:\Windows\System32\cfgmgr32.dll
0x000000005f190000 - 0x000000005f2bb000 	C:\Xilinx\Vivado\2019.2\lib\win64.o\tcl85t.dll
0x00007ffdb9060000 - 0x00007ffdb9109000 	C:\Windows\System32\shcore.dll
0x00007ffdb92c0000 - 0x00007ffdb95f6000 	C:\Windows\System32\combase.dll
0x00007ffdb88b0000 - 0x00007ffdb8930000 	C:\Windows\System32\bcryptPrimitives.dll
0x00007ffd7e3b0000 - 0x00007ffd7e71e000 	C:\Xilinx\Vivado\2019.2\lib\win64.o\libCOIN-all.dll
0x00007ffdaf590000 - 0x00007ffdaf5a4000 	C:\Xilinx\Vivado\2019.2\lib\win64.o\libboost_date_time.dll
0x00007ffdb8040000 - 0x00007ffdb87c0000 	C:\Windows\System32\windows.storage.dll
0x00007ffdb7e70000 - 0x00007ffdb7e93000 	C:\Windows\System32\profapi.dll
0x00007ffdb7ea0000 - 0x00007ffdb7eea000 	C:\Windows\System32\powrprof.dll
0x00007ffdad8b0000 - 0x00007ffdad92f000 	C:\Xilinx\Vivado\2019.2\lib\win64.o\libboost_program_options.dll
0x00007ffd9a460000 - 0x00007ffd9a574000 	C:\Xilinx\Vivado\2019.2\lib\win64.o\libboost_regex.dll
0x00007ffdb7e40000 - 0x00007ffdb7e50000 	C:\Windows\System32\UMPDC.dll
0x00007ffdba500000 - 0x00007ffdba552000 	C:\Windows\System32\shlwapi.dll
0x00007ffdaf2c0000 - 0x00007ffdaf2e1000 	C:\Xilinx\Vivado\2019.2\lib\win64.o\libboost_thread.dll
0x00007ffdb7ef0000 - 0x00007ffdb7f01000 	C:\Windows\System32\kernel.appcore.dll
0x00007ffdafa90000 - 0x00007ffdafa9f000 	C:\Xilinx\Vivado\2019.2\lib\win64.o\libboost_xilinx.dll
0x00007ffdb8860000 - 0x00007ffdb8877000 	C:\Windows\System32\cryptsp.dll
0x00007ffdb0bb0000 - 0x00007ffdb0bbb000 	C:\Xilinx\Vivado\2019.2\lib\win64.o\libboost_system.dll
0x00007ffda2ae0000 - 0x00007ffda2b62000 	C:\Xilinx\Vivado\2019.2\lib\win64.o\libhdlpsolve.dll
0x00007ffd9a830000 - 0x00007ffd9a8d5000 	C:\Xilinx\Vivado\2019.2\lib\win64.o\libhdxml.dll
0x00007ffd7d610000 - 0x00007ffd7e20c200 	C:\Xilinx\Vivado\2019.2\lib\win64.o\libisl_iostreams.dll
0x00007ffdaf290000 - 0x00007ffdaf2be000 	C:\Xilinx\Vivado\2019.2\lib\win64.o\libisl_sysinfo.dll
0x00007ffda7b10000 - 0x00007ffda7b75000 	C:\Xilinx\Vivado\2019.2\lib\win64.o\liblmx6.0.dll
0x00007ffdaf540000 - 0x00007ffdaf55a000 	C:\Xilinx\Vivado\2019.2\lib\win64.o\pthreadVC2.dll
0x00007ffdaf4c0000 - 0x00007ffdaf4dc000 	C:\Xilinx\Vivado\2019.2\lib\win64.o\librdiconfig.dll
0x00007ffdad880000 - 0x00007ffdad8a1000 	C:\Xilinx\Vivado\2019.2\lib\win64.o\librdizlib.dll
0x0000000012000000 - 0x0000000012270000 	C:\Xilinx\Vivado\2019.2\lib\win64.o\xerces-c_3_1.dll
0x00007ffda3530000 - 0x00007ffda3547000 	C:\Windows\SYSTEM32\NETAPI32.dll
0x00007ffda0ce0000 - 0x00007ffda11b5000 	C:\Windows\SYSTEM32\WININET.dll
0x00007ffda5f60000 - 0x00007ffda6051000 	C:\Windows\SYSTEM32\WINHTTP.dll
0x00007ffda4ea0000 - 0x00007ffda5075000 	C:\Windows\SYSTEM32\urlmon.dll
0x00007ffdaf9e0000 - 0x00007ffdaf9ed000 	C:\Xilinx\Vivado\2019.2\lib\win64.o\libboost_chrono.dll
0x00007ffdb0b10000 - 0x00007ffdb0b19000 	C:\Windows\SYSTEM32\WSOCK32.dll
0x00007ffd773f0000 - 0x00007ffd78281000 	C:\Xilinx\Vivado\2019.2\lib\win64.o\gurobi65.dll
0x00007ffdad7b0000 - 0x00007ffdad7de000 	C:\Windows\SYSTEM32\VCOMP140.DLL
0x00007ffdad780000 - 0x00007ffdad7a5000 	C:\Xilinx\Vivado\2019.2\lib\win64.o\libisl_iosutils.dll
0x00007ffdaf1f0000 - 0x00007ffdaf20b000 	C:\Xilinx\Vivado\2019.2\lib\win64.o\libboost_iostreams.dll
0x00007ffda6480000 - 0x00007ffda6726000 	C:\Windows\SYSTEM32\iertutil.dll
0x00007ffdb7880000 - 0x00007ffdb788c000 	C:\Windows\SYSTEM32\CRYPTBASE.DLL
0x00007ffdb74d0000 - 0x00007ffdb74dc000 	C:\Windows\SYSTEM32\NETUTILS.DLL
0x00007ffd7d330000 - 0x00007ffd7d60b000 	C:\Xilinx\Vivado\2019.2\lib\win64.o\libXil_lmgr11.dll
0x00007ffdbada0000 - 0x00007ffdbae70000 	C:\Windows\System32\COMDLG32.dll
0x00007ffdbae70000 - 0x00007ffdbaf34000 	C:\Windows\System32\OLEAUT32.dll
0x00007ffdb9800000 - 0x00007ffdb9957000 	C:\Windows\System32\ole32.dll
0x00007ffdada90000 - 0x00007ffdadb39000 	C:\Windows\WinSxS\amd64_microsoft.windows.common-controls_6595b64144ccf1df_5.82.18362.720_none_2a258974466b9fae\COMCTL32.dll
0x00007ffdb8fd0000 - 0x00007ffdb902c000 	C:\Windows\System32\WINTRUST.dll
0x00007ffdb7e50000 - 0x00007ffdb7e62000 	C:\Windows\System32\MSASN1.dll
0x00007ffdb8e80000 - 0x00007ffdb8fc9000 	C:\Windows\System32\CRYPT32.dll
0x00007ffdaaae0000 - 0x00007ffdaaafc000 	C:\Windows\SYSTEM32\dhcpcsvc.DLL
0x00007ffdbad10000 - 0x00007ffdbad18000 	C:\Windows\System32\NSI.dll
0x00007ffdbac40000 - 0x00007ffdbac6e000 	C:\Windows\System32\IMM32.DLL
0x00007ffd76ed0000 - 0x00007ffd773e7000 	C:\Xilinx\Vivado\2019.2\lib\win64.o\librdi_commontasks.dll
0x00007ffdad730000 - 0x00007ffdad73a000 	C:\Windows\SYSTEM32\VERSION.dll
0x000000005c870000 - 0x000000005d295000 	C:\Xilinx\Vivado\2019.2\tps\win64\jre9.0.4\bin\server\jvm.dll
0x00007ffd7bca0000 - 0x00007ffd7bf83000 	C:\Xilinx\Vivado\2019.2\lib\win64.o\librdi_sio.dll
0x00007ffdba300000 - 0x00007ffdba308000 	C:\Windows\System32\PSAPI.DLL
0x00007ffdb0a30000 - 0x00007ffdb0a54000 	C:\Windows\SYSTEM32\WINMM.dll
0x00007ffdb73c0000 - 0x00007ffdb73fa000 	C:\Windows\SYSTEM32\IPHLPAPI.DLL
0x00007ffdb0a00000 - 0x00007ffdb0a2d000 	C:\Windows\SYSTEM32\WINMMBASE.dll
0x00007ffd9a370000 - 0x00007ffd9a45f000 	C:\Xilinx\Vivado\2019.2\tps\win64\jre9.0.4\bin\MSVCR120.dll
0x00007ffdb76b0000 - 0x00007ffdb7717000 	C:\Windows\SYSTEM32\MSWSOCK.DLL
0x00007ffd53530000 - 0x00007ffd55c75000 	C:\Xilinx\Vivado\2019.2\lib\win64.o\librdi_tcltasks.dll
0x00007ffd76a10000 - 0x00007ffd76ec4000 	C:\Xilinx\Vivado\2019.2\lib\win64.o\librdi_bitstream.dll
0x00007ffd9aa40000 - 0x00007ffd9aabb000 	C:\Xilinx\Vivado\2019.2\lib\win64.o\librdi_boarddep.dll
0x00007ffd838e0000 - 0x00007ffd83a32000 	C:\Xilinx\Vivado\2019.2\lib\win64.o\librdi_cd_client.dll
0x00007ffd83cf0000 - 0x00007ffd83e8d000 	C:\Xilinx\Vivado\2019.2\lib\win64.o\librdi_board.dll
0x00007ffd833b0000 - 0x00007ffd83570000 	C:\Xilinx\Vivado\2019.2\lib\win64.o\librdi_chipscopeimpl.dll
0x00007ffd51a50000 - 0x00007ffd5352a000 	C:\Xilinx\Vivado\2019.2\lib\win64.o\librdi_constraints.dll
0x00007ffd6fd90000 - 0x00007ffd700b4000 	C:\Xilinx\Vivado\2019.2\lib\win64.o\librdi_containers.dll
0x00007ffd4fa60000 - 0x00007ffd51a50000 	C:\Xilinx\Vivado\2019.2\lib\win64.o\librdi_coregen.dll
0x00007ffd6f000000 - 0x00007ffd6f6d9000 	C:\Xilinx\Vivado\2019.2\lib\win64.o\librdi_coregenipxact.dll
0x00007ffd48630000 - 0x00007ffd4c8fb000 	C:\Xilinx\Vivado\2019.2\lib\win64.o\librdi_designutils.dll
0x00007ffd1e220000 - 0x00007ffd32dcb000 	C:\Xilinx\Vivado\2019.2\lib\win64.o\librdi_device.dll
0x00007ffd6bb20000 - 0x00007ffd6be6a000 	C:\Xilinx\Vivado\2019.2\lib\win64.o\librdi_dlyest.dll
0x00007ffd6b2e0000 - 0x00007ffd6b8ad000 	C:\Xilinx\Vivado\2019.2\lib\win64.o\librdi_drc.dll
0x00007ffd9a2a0000 - 0x00007ffd9a364000 	C:\Xilinx\Vivado\2019.2\lib\win64.o\librdi_dsp.dll
0x00007ffd6ac70000 - 0x00007ffd6b2db000 	C:\Xilinx\Vivado\2019.2\lib\win64.o\librdi_filemgmt.dll
0x00007ffd6a720000 - 0x00007ffd6aa30000 	C:\Xilinx\Vivado\2019.2\lib\win64.o\librdi_guitools.dll
0x00007ffd99240000 - 0x00007ffd992aa000 	C:\Xilinx\Vivado\2019.2\lib\win64.o\librdi_hdf.dll
0x00007ffd8c750000 - 0x00007ffd8c83f000 	C:\Xilinx\Vivado\2019.2\lib\win64.o\librdi_chipscope.dll
0x00007ffd78f80000 - 0x00007ffd791a0000 	C:\Xilinx\Vivado\2019.2\lib\win64.o\librdi_hip_devdesign.dll
0x00007ffd803c0000 - 0x00007ffd80508000 	C:\Xilinx\Vivado\2019.2\lib\win64.o\librdi_hip_perf_analysis.dll
0x00007ffd46ec0000 - 0x00007ffd4862d000 	C:\Xilinx\Vivado\2019.2\lib\win64.o\librdi_implflow.dll
0x00007ffd6a0e0000 - 0x00007ffd6a711000 	C:\Xilinx\Vivado\2019.2\lib\win64.o\librdi_memdata.dll
0x00007ffd356a0000 - 0x00007ffd3846b000 	C:\Xilinx\Vivado\2019.2\lib\win64.o\librdi_mig.dll
0x00007ffd99150000 - 0x00007ffd991c4000 	C:\Xilinx\Vivado\2019.2\lib\win64.o\librdi_memoryarray.dll
0x00007ffd5f770000 - 0x00007ffd5fe53000 	C:\Xilinx\Vivado\2019.2\lib\win64.o\librdi_netlist.dll
0x00007ffda3040000 - 0x00007ffda308c000 	C:\Xilinx\Vivado\2019.2\lib\win64.o\librdi_pfi.dll
0x00007ffd32dd0000 - 0x00007ffd35697000 	C:\Xilinx\Vivado\2019.2\lib\win64.o\librdi_place.dll
0x00007ffd69dc0000 - 0x00007ffd6a0db000 	C:\Xilinx\Vivado\2019.2\lib\win64.o\librdi_platform.dll
0x00007ffd69120000 - 0x00007ffd696da000 	C:\Xilinx\Vivado\2019.2\lib\win64.o\librdi_project.dll
0x00007ffd56aa0000 - 0x00007ffd571d3000 	C:\Xilinx\Vivado\2019.2\lib\win64.o\librdi_psta.dll
0x00007ffd4d7d0000 - 0x00007ffd4de91000 	C:\Xilinx\Vivado\2019.2\lib\win64.o\librdi_rsb.dll
0x00007ffd67c80000 - 0x00007ffd680a3000 	C:\Xilinx\Vivado\2019.2\lib\win64.o\librdi_runs.dll
0x00007ffd877b0000 - 0x00007ffd878b8000 	C:\Xilinx\Vivado\2019.2\lib\win64.o\librdi_runsbase.dll
0x00007ffd6fb10000 - 0x00007ffd6fd85000 	C:\Xilinx\Vivado\2019.2\lib\win64.o\librdi_simdata.dll
0x00007ffd46030000 - 0x00007ffd46ebd000 	C:\Xilinx\Vivado\2019.2\lib\win64.o\librdi_timing.dll
0x00007ffd76870000 - 0x00007ffd76a10000 	C:\Xilinx\Vivado\2019.2\lib\win64.o\librdi_cd_protocol.dll
0x00007ffd9d680000 - 0x00007ffd9d6cc000 	C:\Xilinx\Vivado\2019.2\lib\win64.o\libboost_serialization.dll
0x00007ffd84440000 - 0x00007ffd84517000 	C:\Xilinx\Vivado\2019.2\lib\win64.o\librdi_ipconfig_readwrite.dll
0x00007ffd940e0000 - 0x00007ffd9412a000 	C:\Xilinx\Vivado\2019.2\lib\win64.o\librdi_noc_frameworks.dll
0x00007ffd454e0000 - 0x00007ffd46027000 	C:\Xilinx\Vivado\2019.2\lib\win64.o\libverific.dll

VM Arguments:
jvm_args: -Dsun.java2d.pmoffscreen=false -Dsun.java2d.xrender=false -Dsun.java2d.d3d=false -Dsun.awt.nopixfmt=true -Dsun.java2d.dpiaware=true -Dsun.java2d.uiScale.enabled=false -Xverify:none -Dswing.aatext=true -XX:-UsePerfData -Djdk.map.althashing.threshold=512 -XX:StringTableSize=4072 --add-opens=java.base/java.nio=ALL-UNNAMED --add-opens=java.desktop/sun.swing=ALL-UNNAMED --add-opens=java.desktop/javax.swing=ALL-UNNAMED --add-opens=java.desktop/javax.swing.tree=ALL-UNNAMED --add-opens=java.desktop/javax.swing.plaf.basic=ALL-UNNAMED --add-opens=java.desktop/javax.swing.plaf.synth=ALL-UNNAMED --add-opens=java.desktop/com.sun.awt=ALL-UNNAMED -XX:NewSize=60m -XX:MaxNewSize=60m -Xms128m -Xmx3072m -Xss5m 
java_command: <unknown>
java_class_path (initial): C:/Xilinx/Vivado/2019.2\lib\classes\alloy.jar;C:/Xilinx/Vivado/2019.2\lib\classes\autoesl-common.jar;C:/Xilinx/Vivado/2019.2\lib\classes\autoesl-models.jar;C:/Xilinx/Vivado/2019.2\lib\classes\autoesl-report.jar;C:/Xilinx/Vivado/2019.2\lib\classes\autopilot.scelaborator.jar;C:/Xilinx/Vivado/2019.2\lib\classes\autopilot.sourceprocessor.jar;C:/Xilinx/Vivado/2019.2\lib\classes\autopilot.tbprocessor.jar;C:/Xilinx/Vivado/2019.2\lib\classes\batik-anim.jar;C:/Xilinx/Vivado/2019.2\lib\classes\batik-awt-util.jar;C:/Xilinx/Vivado/2019.2\lib\classes\batik-bridge.jar;C:/Xilinx/Vivado/2019.2\lib\classes\batik-codec.jar;C:/Xilinx/Vivado/2019.2\lib\classes\batik-css.jar;C:/Xilinx/Vivado/2019.2\lib\classes\batik-dom.jar;C:/Xilinx/Vivado/2019.2\lib\classes\batik-ext.jar;C:/Xilinx/Vivado/2019.2\lib\classes\batik-gui-util.jar;C:/Xilinx/Vivado/2019.2\lib\classes\batik-gvt.jar;C:/Xilinx/Vivado/2019.2\lib\classes\batik-parser.jar;C:/Xilinx/Vivado/2019.2\lib\classes\batik-script.jar;C:/Xilinx/Vivado/2019.2\lib\classes\batik-svg-dom.jar;C:/Xilinx/Vivado/2019.2\lib\classes\batik-swing.jar;C:/Xilinx/Vivado/2019.2\lib\classes\batik-transcoder.jar;C:/Xilinx/Vivado/2019.2\lib\classes\batik-util.jar;C:/Xilinx/Vivado/2019.2\lib\classes\batik-xml.jar;C:/Xilinx/Vivado/2019.2\lib\classes\com.google.gson_2.7.0.v20170129-0911.jar;C:/Xilinx/Vivado/2019.2\lib\classes\com.google.guava_21.0.0.v20170206-1425.jar;C:/Xilinx/Vivado/2019.2\lib\classes\com.ibm.icu_4.4.2.v20110208.jar;C:/Xilinx/Vivado/2019.2\lib\classes\com.sigasi.hdt.connection_4.5.0.201909241521.jar;C:/Xilinx/Vivado/2019.2\lib\classes\com.sigasi.hdt.epl_4.5.0.201909241521.jar;C:/Xilinx/Vivado/2019.2\lib\classes\com.sigasi.hdt.project_4.5.0.201909241521.jar;C:/Xilinx/Vivado/2019.2\lib\classes\com.sigasi.hdt.readonlyfilesystem_4.5.0.201909241521.jar;C:/Xilinx/Vivado/2019.2\lib\classes\com.sigasi.lcm_4.5.0.201909241521.jar;C:/Xilinx/Vivado/2019.2\lib\classes\com.sigasi.sdk.client_4.5.0.201909241521.jar;C:/Xilinx/Vivado
Launcher Type: generic

Logging:
Log output configuration:
#0: stdout all=warning uptime,level,tags
#1: stderr all=off uptime,level,tags

Environment Variables:
PATH=C:/Xilinx/Vivado/2019.2/bin;C:/Xilinx/Vivado/2019.2/lib/win64.o;C:/Xilinx/Vivado/2019.2/tps/win64/jre9.0.4/bin/server;C:/Xilinx/Vivado/2019.2/tps/win64/jre9.0.4/bin;C:/Xilinx/Vivado/2019.2/ids_lite/ISE/bin/nt64;C:/Xilinx/Vivado/2019.2/ids_lite/ISE/lib/nt64;C:\Windows\system32;C:\Windows;C:\Windows\System32\Wbem;C:\Windows\System32\WindowsPowerShell\v1.0\;C:\Windows\System32\OpenSSH\;C:\Program Files\Git\cmd;C:\Program Files\MATLAB\R2020a\bin;C:\Users\atenl\AppData\Local\Microsoft\WindowsApps;C:\Users\atenl\AppData\Local\GitHubDesktop\bin;C:/Xilinx/Vivado/2019.2\tps\mingw\6.2.0\win64.o\nt\bin;C:/Xilinx/Vivado/2019.2\tps\mingw\6.2.0\win64.o\nt\libexec\gcc\x86_64-w64-mingw32\6.2.0;C:/Xilinx/Vivado/2019.2\tps\win64\python-2.7.5;C:/Xilinx/Vivado/2019.2\tps\win64\python-2.7.5\bin;C:/Xilinx/Vivado/2019.2\tps\win64\python-2.7.5\lib;C:/Xilinx/Vivado/2019.2\tps\win64\python-2.7.5\Lib\lib-tk;C:/Xilinx/Vivado/2019.2\tps\win64\python-2.7.5\lib\site-packages
USERNAME=atenl
OS=Windows_NT
PROCESSOR_IDENTIFIER=Intel64 Family 6 Model 142 Stepping 11, GenuineIntel



---------------  S Y S T E M  ---------------

OS: Windows 10 , 64 bit Build 18362 (10.0.18362.329)

CPU:total 4 (initial active 4) (2 cores per cpu, 2 threads per core) family 6 model 142 stepping 11, cmov, cx8, fxsr, mmx, sse, sse2, sse3, ssse3, sse4.1, sse4.2, popcnt, avx, avx2, aes, clmul, erms, 3dnowpref, lzcnt, ht, tsc, tscinvbit, bmi1, bmi2, adx, fma

Memory: 4k page, physical 8198388k(634200k free), swap 33364212k(0k free)

vm_info: Java HotSpot(TM) 64-Bit Server VM (9.0.4+11) for windows-amd64 JRE (9.0.4+11), built on Dec 20 2017 02:18:54 by "mach5one" with MS VC++ 12.0 (VS2013)

END.
