
*** Running vivado
    with args -log fifo.vdi -applog -m64 -product Vivado -messageDb vivado.pb -mode batch -source fifo.tcl -notrace


****** Vivado v2019.2 (64-bit)
  **** SW Build 2708876 on Wed Nov  6 21:40:23 MST 2019
  **** IP Build 2700528 on Thu Nov  7 00:09:20 MST 2019
    ** Copyright 1986-2019 Xilinx, Inc. All Rights Reserved.

source fifo.tcl -notrace
Command: link_design -top fifo -part xc7k70tfbv676-1
Design is defaulting to srcset: sources_1
Design is defaulting to constrset: constrs_1
INFO: [Device 21-403] Loading part xc7k70tfbv676-1
Netlist sorting complete. Time (s): cpu = 00:00:00 ; elapsed = 00:00:00.009 . Memory (MB): peak = 603.957 ; gain = 0.000
INFO: [Netlist 29-17] Analyzing 28 Unisim elements for replacement
INFO: [Netlist 29-28] Unisim Transformation completed in 0 CPU seconds
INFO: [Project 1-479] Netlist was created with Vivado 2019.2
INFO: [Project 1-570] Preparing netlist for logic optimization
Parsing XDC File [D:/Programming/Git/cse125/Lab3/Lab3.srcs/constrs_1/new/lab3test.xdc]
Finished Parsing XDC File [D:/Programming/Git/cse125/Lab3/Lab3.srcs/constrs_1/new/lab3test.xdc]
INFO: [Opt 31-138] Pushed 0 inverter(s) to 0 load pin(s).
Netlist sorting complete. Time (s): cpu = 00:00:00 ; elapsed = 00:00:00 . Memory (MB): peak = 725.227 ; gain = 0.000
INFO: [Project 1-111] Unisim Transformation Summary:
No Unisim elements were transformed.

7 Infos, 0 Warnings, 0 Critical Warnings and 0 Errors encountered.
link_design completed successfully
link_design: Time (s): cpu = 00:00:07 ; elapsed = 00:00:07 . Memory (MB): peak = 729.242 ; gain = 418.590
Command: opt_design
Attempting to get a license for feature 'Implementation' and/or device 'xc7k70t'
INFO: [Common 17-349] Got license for feature 'Implementation' and/or device 'xc7k70t'
Running DRC as a precondition to command opt_design

Starting DRC Task
INFO: [DRC 23-27] Running DRC with 2 threads
INFO: [Project 1-461] DRC finished with 0 Errors
INFO: [Project 1-462] Please refer to the DRC report (report_drc) for more information.

Time (s): cpu = 00:00:01 ; elapsed = 00:00:00.866 . Memory (MB): peak = 747.180 ; gain = 17.938

Starting Cache Timing Information Task
INFO: [Timing 38-35] Done setting XDC timing constraints.
Ending Cache Timing Information Task | Checksum: 12c7dfd4b

Time (s): cpu = 00:00:10 ; elapsed = 00:00:10 . Memory (MB): peak = 1304.730 ; gain = 557.551

Starting Logic Optimization Task

Phase 1 Retarget
INFO: [Opt 31-138] Pushed 0 inverter(s) to 0 load pin(s).
INFO: [Opt 31-49] Retargeted 0 cell(s).
Phase 1 Retarget | Checksum: 12c7dfd4b

Time (s): cpu = 00:00:00 ; elapsed = 00:00:00.066 . Memory (MB): peak = 1498.316 ; gain = 0.000
INFO: [Opt 31-389] Phase Retarget created 0 cells and removed 0 cells

Phase 2 Constant propagation
INFO: [Opt 31-138] Pushed 0 inverter(s) to 0 load pin(s).
Phase 2 Constant propagation | Checksum: 12c7dfd4b

Time (s): cpu = 00:00:00 ; elapsed = 00:00:00.075 . Memory (MB): peak = 1498.316 ; gain = 0.000
INFO: [Opt 31-389] Phase Constant propagation created 0 cells and removed 0 cells

Phase 3 Sweep
Phase 3 Sweep | Checksum: 13c74f609

Time (s): cpu = 00:00:00 ; elapsed = 00:00:00.093 . Memory (MB): peak = 1498.316 ; gain = 0.000
INFO: [Opt 31-389] Phase Sweep created 0 cells and removed 0 cells

Phase 4 BUFG optimization
INFO: [Opt 31-1112] Starts optimizing BUFG(s) with a common MMCM/DPLL/XPLL driver.
INFO: [Opt 31-1112] Starts optimizing BUFG(s) with a common driver.
INFO: [Opt 31-1092] Phase BUFG optimization transformed 0 BUFG(s) to MBUFG(s).
Phase 4 BUFG optimization | Checksum: 13c74f609

Time (s): cpu = 00:00:00 ; elapsed = 00:00:00.117 . Memory (MB): peak = 1498.316 ; gain = 0.000
INFO: [Opt 31-662] Phase BUFG optimization created 0 cells of which 0 are BUFGs and removed 0 cells.

Phase 5 Shift Register Optimization
INFO: [Opt 31-1064] SRL Remap converted 0 SRLs to 0 registers and converted 0 registers of register chains to 0 SRLs
Phase 5 Shift Register Optimization | Checksum: 13c74f609

Time (s): cpu = 00:00:00 ; elapsed = 00:00:00.132 . Memory (MB): peak = 1498.316 ; gain = 0.000
INFO: [Opt 31-389] Phase Shift Register Optimization created 0 cells and removed 0 cells

Phase 6 Post Processing Netlist
Phase 6 Post Processing Netlist | Checksum: 13c74f609

Time (s): cpu = 00:00:00 ; elapsed = 00:00:00.137 . Memory (MB): peak = 1498.316 ; gain = 0.000
INFO: [Opt 31-389] Phase Post Processing Netlist created 0 cells and removed 0 cells
Opt_design Change Summary
=========================


-------------------------------------------------------------------------------------------------------------------------
|  Phase                        |  #Cells created  |  #Cells Removed  |  #Constrained objects preventing optimizations  |
-------------------------------------------------------------------------------------------------------------------------
|  Retarget                     |               0  |               0  |                                              0  |
|  Constant propagation         |               0  |               0  |                                              0  |
|  Sweep                        |               0  |               0  |                                              0  |
|  BUFG optimization            |               0  |               0  |                                              0  |
|  Shift Register Optimization  |               0  |               0  |                                              0  |
|  Post Processing Netlist      |               0  |               0  |                                              0  |
-------------------------------------------------------------------------------------------------------------------------



Starting Connectivity Check Task

Time (s): cpu = 00:00:00 ; elapsed = 00:00:00.003 . Memory (MB): peak = 1498.316 ; gain = 0.000
Ending Logic Optimization Task | Checksum: 576345ff

Time (s): cpu = 00:00:00 ; elapsed = 00:00:00.159 . Memory (MB): peak = 1498.316 ; gain = 0.000

Starting Power Optimization Task
INFO: [Pwropt 34-132] Skipping clock gating for clocks with a period < 2.00 ns.
Ending Power Optimization Task | Checksum: 576345ff

Time (s): cpu = 00:00:00 ; elapsed = 00:00:00.047 . Memory (MB): peak = 1498.316 ; gain = 0.000

Starting Final Cleanup Task
Ending Final Cleanup Task | Checksum: 576345ff

Time (s): cpu = 00:00:00 ; elapsed = 00:00:00 . Memory (MB): peak = 1498.316 ; gain = 0.000

Starting Netlist Obfuscation Task
Netlist sorting complete. Time (s): cpu = 00:00:00 ; elapsed = 00:00:00 . Memory (MB): peak = 1498.316 ; gain = 0.000
Ending Netlist Obfuscation Task | Checksum: 576345ff

Time (s): cpu = 00:00:00 ; elapsed = 00:00:00 . Memory (MB): peak = 1498.316 ; gain = 0.000
INFO: [Common 17-83] Releasing license: Implementation
27 Infos, 0 Warnings, 0 Critical Warnings and 0 Errors encountered.
opt_design completed successfully
opt_design: Time (s): cpu = 00:00:13 ; elapsed = 00:00:14 . Memory (MB): peak = 1498.316 ; gain = 769.074
Netlist sorting complete. Time (s): cpu = 00:00:00 ; elapsed = 00:00:00 . Memory (MB): peak = 1498.316 ; gain = 0.000
INFO: [Timing 38-480] Writing timing data to binary archive.
INFO: [Common 17-1381] The checkpoint 'D:/Programming/Git/cse125/Lab3/Lab3.runs/impl_1/fifo_opt.dcp' has been generated.
INFO: [runtcl-4] Executing : report_drc -file fifo_drc_opted.rpt -pb fifo_drc_opted.pb -rpx fifo_drc_opted.rpx
Command: report_drc -file fifo_drc_opted.rpt -pb fifo_drc_opted.pb -rpx fifo_drc_opted.rpx
INFO: [IP_Flow 19-234] Refreshing IP repositories
INFO: [IP_Flow 19-1704] No user IP repositories specified
INFO: [IP_Flow 19-2313] Loaded Vivado IP repository 'C:/Xilinx/Vivado/2019.2/data/ip'.
INFO: [DRC 23-27] Running DRC with 2 threads
INFO: [Coretcl 2-168] The results of DRC are in file D:/Programming/Git/cse125/Lab3/Lab3.runs/impl_1/fifo_drc_opted.rpt.
report_drc completed successfully
Command: place_design
Attempting to get a license for feature 'Implementation' and/or device 'xc7k70t'
INFO: [Common 17-349] Got license for feature 'Implementation' and/or device 'xc7k70t'
INFO: [DRC 23-27] Running DRC with 2 threads
INFO: [Vivado_Tcl 4-198] DRC finished with 0 Errors
INFO: [Vivado_Tcl 4-199] Please refer to the DRC report (report_drc) for more information.
Running DRC as a precondition to command place_design
INFO: [DRC 23-27] Running DRC with 2 threads
INFO: [Vivado_Tcl 4-198] DRC finished with 0 Errors
INFO: [Vivado_Tcl 4-199] Please refer to the DRC report (report_drc) for more information.

Starting Placer Task
INFO: [Place 30-611] Multithreading enabled for place_design using a maximum of 2 CPUs

Phase 1 Placer Initialization

Phase 1.1 Placer Initialization Netlist Sorting
Netlist sorting complete. Time (s): cpu = 00:00:00 ; elapsed = 00:00:00 . Memory (MB): peak = 1498.316 ; gain = 0.000
Phase 1.1 Placer Initialization Netlist Sorting | Checksum: 5499d189

Time (s): cpu = 00:00:00 ; elapsed = 00:00:00.005 . Memory (MB): peak = 1498.316 ; gain = 0.000
Netlist sorting complete. Time (s): cpu = 00:00:00 ; elapsed = 00:00:00 . Memory (MB): peak = 1498.316 ; gain = 0.000

Phase 1.2 IO Placement/ Clock Placement/ Build Placer Device
INFO: [Timing 38-35] Done setting XDC timing constraints.
Phase 1.2 IO Placement/ Clock Placement/ Build Placer Device | Checksum: a89a5ee2

Time (s): cpu = 00:00:01 ; elapsed = 00:00:01 . Memory (MB): peak = 1498.316 ; gain = 0.000

Phase 1.3 Build Placer Netlist Model
Phase 1.3 Build Placer Netlist Model | Checksum: 167ba621c

Time (s): cpu = 00:00:02 ; elapsed = 00:00:02 . Memory (MB): peak = 1498.316 ; gain = 0.000

Phase 1.4 Constrain Clocks/Macros
Phase 1.4 Constrain Clocks/Macros | Checksum: 167ba621c

Time (s): cpu = 00:00:02 ; elapsed = 00:00:02 . Memory (MB): peak = 1498.316 ; gain = 0.000
Phase 1 Placer Initialization | Checksum: 167ba621c

Time (s): cpu = 00:00:02 ; elapsed = 00:00:02 . Memory (MB): peak = 1498.316 ; gain = 0.000

Phase 2 Global Placement

Phase 2.1 Floorplanning
Phase 2.1 Floorplanning | Checksum: 1007d3a16

Time (s): cpu = 00:00:02 ; elapsed = 00:00:02 . Memory (MB): peak = 1498.316 ; gain = 0.000

Phase 2.2 Global Placement Core

Phase 2.2.1 Physical Synthesis In Placer
INFO: [Physopt 32-1018] Found 13 candidate LUT instances to create LUTNM shape
INFO: [Physopt 32-775] End 1 Pass. Optimized 4 nets or cells. Created 0 new cell, deleted 4 existing cells and moved 0 existing cell
INFO: [Physopt 32-65] No nets found for high-fanout optimization.
INFO: [Physopt 32-232] Optimized 0 net. Created 0 new instance.
INFO: [Physopt 32-775] End 1 Pass. Optimized 0 net or cell. Created 0 new cell, deleted 0 existing cell and moved 0 existing cell
INFO: [Physopt 32-670] No setup violation found.  DSP Register Optimization was not performed.
INFO: [Physopt 32-670] No setup violation found.  Shift Register to Pipeline Optimization was not performed.
INFO: [Physopt 32-670] No setup violation found.  Shift Register Optimization was not performed.
INFO: [Physopt 32-670] No setup violation found.  BRAM Register Optimization was not performed.
INFO: [Physopt 32-949] No candidate nets found for HD net replication
INFO: [Physopt 32-775] End 1 Pass. Optimized 0 net or cell. Created 0 new cell, deleted 0 existing cell and moved 0 existing cell
Netlist sorting complete. Time (s): cpu = 00:00:00 ; elapsed = 00:00:00 . Memory (MB): peak = 1498.316 ; gain = 0.000

Summary of Physical Synthesis Optimizations
============================================


-----------------------------------------------------------------------------------------------------------------------------------------------------------
|  Optimization                                     |  Added Cells  |  Removed Cells  |  Optimized Cells/Nets  |  Dont Touch  |  Iterations  |  Elapsed   |
-----------------------------------------------------------------------------------------------------------------------------------------------------------
|  LUT Combining                                    |            0  |              4  |                     4  |           0  |           1  |  00:00:00  |
|  Very High Fanout                                 |            0  |              0  |                     0  |           0  |           1  |  00:00:00  |
|  DSP Register                                     |            0  |              0  |                     0  |           0  |           0  |  00:00:00  |
|  Shift Register to Pipeline                       |            0  |              0  |                     0  |           0  |           0  |  00:00:00  |
|  Shift Register                                   |            0  |              0  |                     0  |           0  |           0  |  00:00:00  |
|  BRAM Register                                    |            0  |              0  |                     0  |           0  |           0  |  00:00:00  |
|  Dynamic/Static Region Interface Net Replication  |            0  |              0  |                     0  |           0  |           1  |  00:00:00  |
|  Total                                            |            0  |              4  |                     4  |           0  |           3  |  00:00:00  |
-----------------------------------------------------------------------------------------------------------------------------------------------------------


Phase 2.2.1 Physical Synthesis In Placer | Checksum: 22873d251

Time (s): cpu = 00:00:06 ; elapsed = 00:00:04 . Memory (MB): peak = 1498.316 ; gain = 0.000
Phase 2.2 Global Placement Core | Checksum: 16184b197

Time (s): cpu = 00:00:06 ; elapsed = 00:00:04 . Memory (MB): peak = 1498.316 ; gain = 0.000
Phase 2 Global Placement | Checksum: 16184b197

Time (s): cpu = 00:00:06 ; elapsed = 00:00:04 . Memory (MB): peak = 1498.316 ; gain = 0.000

Phase 3 Detail Placement

Phase 3.1 Commit Multi Column Macros
Phase 3.1 Commit Multi Column Macros | Checksum: 2308e40cc

Time (s): cpu = 00:00:06 ; elapsed = 00:00:04 . Memory (MB): peak = 1498.316 ; gain = 0.000

Phase 3.2 Commit Most Macros & LUTRAMs
Phase 3.2 Commit Most Macros & LUTRAMs | Checksum: 17b39765a

Time (s): cpu = 00:00:06 ; elapsed = 00:00:04 . Memory (MB): peak = 1498.316 ; gain = 0.000

Phase 3.3 Area Swap Optimization
Phase 3.3 Area Swap Optimization | Checksum: 12770789b

Time (s): cpu = 00:00:06 ; elapsed = 00:00:04 . Memory (MB): peak = 1498.316 ; gain = 0.000

Phase 3.4 Pipeline Register Optimization
Phase 3.4 Pipeline Register Optimization | Checksum: 198088f21

Time (s): cpu = 00:00:06 ; elapsed = 00:00:04 . Memory (MB): peak = 1498.316 ; gain = 0.000

Phase 3.5 Small Shape Detail Placement
Phase 3.5 Small Shape Detail Placement | Checksum: 1a700fe62

Time (s): cpu = 00:00:07 ; elapsed = 00:00:05 . Memory (MB): peak = 1498.316 ; gain = 0.000

Phase 3.6 Re-assign LUT pins
Phase 3.6 Re-assign LUT pins | Checksum: 182321a3e

Time (s): cpu = 00:00:07 ; elapsed = 00:00:05 . Memory (MB): peak = 1498.316 ; gain = 0.000

Phase 3.7 Pipeline Register Optimization
Phase 3.7 Pipeline Register Optimization | Checksum: 19fda3fc4

Time (s): cpu = 00:00:07 ; elapsed = 00:00:05 . Memory (MB): peak = 1498.316 ; gain = 0.000
Phase 3 Detail Placement | Checksum: 19fda3fc4

Time (s): cpu = 00:00:07 ; elapsed = 00:00:05 . Memory (MB): peak = 1498.316 ; gain = 0.000

Phase 4 Post Placement Optimization and Clean-Up

Phase 4.1 Post Commit Optimization
INFO: [Timing 38-35] Done setting XDC timing constraints.

Phase 4.1.1 Post Placement Optimization
Post Placement Optimization Initialization | Checksum: 1b4c3d130

Phase 4.1.1.1 BUFG Insertion
INFO: [Place 46-56] BUFG insertion identified 0 candidate nets. Inserted BUFG: 0, Replicated BUFG Driver: 0, Skipped due to Placement/Routing Conflicts: 0, Skipped due to Timing Degradation: 0, Skipped due to Illegal Netlist: 0.
Phase 4.1.1.1 BUFG Insertion | Checksum: 1b4c3d130

Time (s): cpu = 00:00:07 ; elapsed = 00:00:05 . Memory (MB): peak = 1506.313 ; gain = 7.996
INFO: [Place 30-746] Post Placement Timing Summary WNS=5.586. For the most accurate timing information please run report_timing.
Phase 4.1.1 Post Placement Optimization | Checksum: 1d241c347

Time (s): cpu = 00:00:07 ; elapsed = 00:00:05 . Memory (MB): peak = 1506.313 ; gain = 7.996
Phase 4.1 Post Commit Optimization | Checksum: 1d241c347

Time (s): cpu = 00:00:07 ; elapsed = 00:00:05 . Memory (MB): peak = 1506.313 ; gain = 7.996

Phase 4.2 Post Placement Cleanup
Phase 4.2 Post Placement Cleanup | Checksum: 1d241c347

Time (s): cpu = 00:00:07 ; elapsed = 00:00:05 . Memory (MB): peak = 1506.313 ; gain = 7.996

Phase 4.3 Placer Reporting
Phase 4.3 Placer Reporting | Checksum: 1d241c347

Time (s): cpu = 00:00:07 ; elapsed = 00:00:05 . Memory (MB): peak = 1506.313 ; gain = 7.996

Phase 4.4 Final Placement Cleanup
Netlist sorting complete. Time (s): cpu = 00:00:00 ; elapsed = 00:00:00 . Memory (MB): peak = 1506.313 ; gain = 0.000
Phase 4.4 Final Placement Cleanup | Checksum: 13003309f

Time (s): cpu = 00:00:07 ; elapsed = 00:00:05 . Memory (MB): peak = 1506.313 ; gain = 7.996
Phase 4 Post Placement Optimization and Clean-Up | Checksum: 13003309f

Time (s): cpu = 00:00:07 ; elapsed = 00:00:05 . Memory (MB): peak = 1506.313 ; gain = 7.996
Ending Placer Task | Checksum: c3e35cb1

Time (s): cpu = 00:00:07 ; elapsed = 00:00:05 . Memory (MB): peak = 1506.313 ; gain = 7.996
INFO: [Common 17-83] Releasing license: Implementation
59 Infos, 0 Warnings, 0 Critical Warnings and 0 Errors encountered.
place_design completed successfully
place_design: Time (s): cpu = 00:00:10 ; elapsed = 00:00:07 . Memory (MB): peak = 1506.313 ; gain = 7.996
Netlist sorting complete. Time (s): cpu = 00:00:00 ; elapsed = 00:00:00.001 . Memory (MB): peak = 1506.313 ; gain = 0.000
INFO: [Timing 38-480] Writing timing data to binary archive.
Writing placer database...
Writing XDEF routing.
Writing XDEF routing logical nets.
Writing XDEF routing special nets.
Write XDEF Complete: Time (s): cpu = 00:00:00 ; elapsed = 00:00:00.154 . Memory (MB): peak = 1507.371 ; gain = 1.059
INFO: [Common 17-1381] The checkpoint 'D:/Programming/Git/cse125/Lab3/Lab3.runs/impl_1/fifo_placed.dcp' has been generated.
INFO: [runtcl-4] Executing : report_io -file fifo_io_placed.rpt
report_io: Time (s): cpu = 00:00:00 ; elapsed = 00:00:00.188 . Memory (MB): peak = 1507.371 ; gain = 0.000
INFO: [runtcl-4] Executing : report_utilization -file fifo_utilization_placed.rpt -pb fifo_utilization_placed.pb
INFO: [runtcl-4] Executing : report_control_sets -verbose -file fifo_control_sets_placed.rpt
report_control_sets: Time (s): cpu = 00:00:00 ; elapsed = 00:00:00.006 . Memory (MB): peak = 1507.371 ; gain = 0.000
Command: phys_opt_design
Attempting to get a license for feature 'Implementation' and/or device 'xc7k70t'
INFO: [Common 17-349] Got license for feature 'Implementation' and/or device 'xc7k70t'
INFO: [Vivado_Tcl 4-383] Design worst setup slack (WNS) is greater than or equal to 0.250 ns. Skipping all physical synthesis optimizations.
INFO: [Vivado_Tcl 4-232] No setup violation found. The netlist was not modified.
INFO: [Common 17-83] Releasing license: Implementation
68 Infos, 0 Warnings, 0 Critical Warnings and 0 Errors encountered.
phys_opt_design completed successfully
Netlist sorting complete. Time (s): cpu = 00:00:00 ; elapsed = 00:00:00.001 . Memory (MB): peak = 1529.438 ; gain = 0.000
INFO: [Timing 38-480] Writing timing data to binary archive.
Writing placer database...
Writing XDEF routing.
Writing XDEF routing logical nets.
Writing XDEF routing special nets.
Write XDEF Complete: Time (s): cpu = 00:00:00 ; elapsed = 00:00:00.171 . Memory (MB): peak = 1547.309 ; gain = 17.871
INFO: [Common 17-1381] The checkpoint 'D:/Programming/Git/cse125/Lab3/Lab3.runs/impl_1/fifo_physopt.dcp' has been generated.
Command: route_design
Attempting to get a license for feature 'Implementation' and/or device 'xc7k70t'
INFO: [Common 17-349] Got license for feature 'Implementation' and/or device 'xc7k70t'
Running DRC as a precondition to command route_design
INFO: [DRC 23-27] Running DRC with 2 threads
INFO: [Vivado_Tcl 4-198] DRC finished with 0 Errors
INFO: [Vivado_Tcl 4-199] Please refer to the DRC report (report_drc) for more information.


Starting Routing Task
INFO: [Route 35-254] Multithreading enabled for route_design using a maximum of 2 CPUs
Checksum: PlaceDB: 714b97ad ConstDB: 0 ShapeSum: 5297c504 RouteDB: 0

Phase 1 Build RT Design
Phase 1 Build RT Design | Checksum: 168823585

Time (s): cpu = 00:00:16 ; elapsed = 00:00:13 . Memory (MB): peak = 1645.688 ; gain = 86.332
Post Restoration Checksum: NetGraph: abb2ac3d NumContArr: bccf8948 Constraints: 0 Timing: 0

Phase 2 Router Initialization

Phase 2.1 Create Timer
Phase 2.1 Create Timer | Checksum: 168823585

Time (s): cpu = 00:00:16 ; elapsed = 00:00:13 . Memory (MB): peak = 1645.688 ; gain = 86.332

Phase 2.2 Fix Topology Constraints
Phase 2.2 Fix Topology Constraints | Checksum: 168823585

Time (s): cpu = 00:00:16 ; elapsed = 00:00:13 . Memory (MB): peak = 1651.336 ; gain = 91.980

Phase 2.3 Pre Route Cleanup
Phase 2.3 Pre Route Cleanup | Checksum: 168823585

Time (s): cpu = 00:00:16 ; elapsed = 00:00:13 . Memory (MB): peak = 1651.336 ; gain = 91.980
 Number of Nodes with overlaps = 0

Phase 2.4 Update Timing
Phase 2.4 Update Timing | Checksum: 1bdd56c2d

Time (s): cpu = 00:00:17 ; elapsed = 00:00:14 . Memory (MB): peak = 1666.375 ; gain = 107.020
INFO: [Route 35-416] Intermediate Timing Summary | WNS=5.668  | TNS=0.000  | WHS=-0.130 | THS=-17.023|

Phase 2 Router Initialization | Checksum: 195fb93c5

Time (s): cpu = 00:00:17 ; elapsed = 00:00:14 . Memory (MB): peak = 1666.375 ; gain = 107.020

Router Utilization Summary
  Global Vertical Routing Utilization    = 0 %
  Global Horizontal Routing Utilization  = 0 %
  Routable Net Status*
  *Does not include unroutable nets such as driverless and loadless.
  Run report_route_status for detailed report.
  Number of Failed Nets               = 868
    (Failed Nets is the sum of unrouted and partially routed nets)
  Number of Unrouted Nets             = 868
  Number of Partially Routed Nets     = 0
  Number of Node Overlaps             = 0


Phase 3 Initial Routing
Phase 3 Initial Routing | Checksum: 19f957a1d

Time (s): cpu = 00:00:18 ; elapsed = 00:00:14 . Memory (MB): peak = 1666.375 ; gain = 107.020

Phase 4 Rip-up And Reroute

Phase 4.1 Global Iteration 0
 Number of Nodes with overlaps = 58
 Number of Nodes with overlaps = 0
INFO: [Route 35-416] Intermediate Timing Summary | WNS=5.493  | TNS=0.000  | WHS=N/A    | THS=N/A    |

Phase 4.1 Global Iteration 0 | Checksum: f3cadc76

Time (s): cpu = 00:00:18 ; elapsed = 00:00:14 . Memory (MB): peak = 1666.375 ; gain = 107.020
Phase 4 Rip-up And Reroute | Checksum: f3cadc76

Time (s): cpu = 00:00:18 ; elapsed = 00:00:14 . Memory (MB): peak = 1666.375 ; gain = 107.020

Phase 5 Delay and Skew Optimization

Phase 5.1 Delay CleanUp
Phase 5.1 Delay CleanUp | Checksum: f3cadc76

Time (s): cpu = 00:00:18 ; elapsed = 00:00:14 . Memory (MB): peak = 1666.375 ; gain = 107.020

Phase 5.2 Clock Skew Optimization
Phase 5.2 Clock Skew Optimization | Checksum: f3cadc76

Time (s): cpu = 00:00:18 ; elapsed = 00:00:14 . Memory (MB): peak = 1666.375 ; gain = 107.020
Phase 5 Delay and Skew Optimization | Checksum: f3cadc76

Time (s): cpu = 00:00:18 ; elapsed = 00:00:14 . Memory (MB): peak = 1666.375 ; gain = 107.020

Phase 6 Post Hold Fix

Phase 6.1 Hold Fix Iter

Phase 6.1.1 Update Timing
Phase 6.1.1 Update Timing | Checksum: 73e05f51

Time (s): cpu = 00:00:18 ; elapsed = 00:00:15 . Memory (MB): peak = 1666.375 ; gain = 107.020
INFO: [Route 35-416] Intermediate Timing Summary | WNS=5.493  | TNS=0.000  | WHS=0.081  | THS=0.000  |

Phase 6.1 Hold Fix Iter | Checksum: 73e05f51

Time (s): cpu = 00:00:18 ; elapsed = 00:00:15 . Memory (MB): peak = 1666.375 ; gain = 107.020
Phase 6 Post Hold Fix | Checksum: 73e05f51

Time (s): cpu = 00:00:18 ; elapsed = 00:00:15 . Memory (MB): peak = 1666.375 ; gain = 107.020

Phase 7 Route finalize

Router Utilization Summary
  Global Vertical Routing Utilization    = 0.146053 %
  Global Horizontal Routing Utilization  = 0.172867 %
  Routable Net Status*
  *Does not include unroutable nets such as driverless and loadless.
  Run report_route_status for detailed report.
  Number of Failed Nets               = 0
    (Failed Nets is the sum of unrouted and partially routed nets)
  Number of Unrouted Nets             = 0
  Number of Partially Routed Nets     = 0
  Number of Node Overlaps             = 0

Phase 7 Route finalize | Checksum: f7764d32

Time (s): cpu = 00:00:18 ; elapsed = 00:00:15 . Memory (MB): peak = 1666.375 ; gain = 107.020

Phase 8 Verifying routed nets

 Verification completed successfully
Phase 8 Verifying routed nets | Checksum: f7764d32

Time (s): cpu = 00:00:18 ; elapsed = 00:00:15 . Memory (MB): peak = 1666.375 ; gain = 107.020

Phase 9 Depositing Routes
Phase 9 Depositing Routes | Checksum: 14df3d8e5

Time (s): cpu = 00:00:18 ; elapsed = 00:00:15 . Memory (MB): peak = 1666.375 ; gain = 107.020

Phase 10 Post Router Timing
INFO: [Route 35-57] Estimated Timing Summary | WNS=5.493  | TNS=0.000  | WHS=0.081  | THS=0.000  |

INFO: [Route 35-327] The final timing numbers are based on the router estimated timing analysis. For a complete and accurate timing signoff, please run report_timing_summary.
Phase 10 Post Router Timing | Checksum: 14df3d8e5

Time (s): cpu = 00:00:18 ; elapsed = 00:00:15 . Memory (MB): peak = 1666.375 ; gain = 107.020
INFO: [Route 35-16] Router Completed Successfully

Time (s): cpu = 00:00:18 ; elapsed = 00:00:15 . Memory (MB): peak = 1666.375 ; gain = 107.020

Routing Is Done.
INFO: [Common 17-83] Releasing license: Implementation
82 Infos, 0 Warnings, 0 Critical Warnings and 0 Errors encountered.
route_design completed successfully
route_design: Time (s): cpu = 00:00:21 ; elapsed = 00:00:16 . Memory (MB): peak = 1666.375 ; gain = 119.066
Netlist sorting complete. Time (s): cpu = 00:00:00 ; elapsed = 00:00:00 . Memory (MB): peak = 1666.375 ; gain = 0.000
INFO: [Timing 38-480] Writing timing data to binary archive.
Writing placer database...
Writing XDEF routing.
Writing XDEF routing logical nets.
Writing XDEF routing special nets.
Write XDEF Complete: Time (s): cpu = 00:00:01 ; elapsed = 00:00:00.192 . Memory (MB): peak = 1675.363 ; gain = 8.988
INFO: [Common 17-1381] The checkpoint 'D:/Programming/Git/cse125/Lab3/Lab3.runs/impl_1/fifo_routed.dcp' has been generated.
INFO: [runtcl-4] Executing : report_drc -file fifo_drc_routed.rpt -pb fifo_drc_routed.pb -rpx fifo_drc_routed.rpx
Command: report_drc -file fifo_drc_routed.rpt -pb fifo_drc_routed.pb -rpx fifo_drc_routed.rpx
INFO: [IP_Flow 19-1839] IP Catalog is up to date.
INFO: [DRC 23-27] Running DRC with 2 threads
INFO: [Coretcl 2-168] The results of DRC are in file D:/Programming/Git/cse125/Lab3/Lab3.runs/impl_1/fifo_drc_routed.rpt.
report_drc completed successfully
INFO: [runtcl-4] Executing : report_methodology -file fifo_methodology_drc_routed.rpt -pb fifo_methodology_drc_routed.pb -rpx fifo_methodology_drc_routed.rpx
Command: report_methodology -file fifo_methodology_drc_routed.rpt -pb fifo_methodology_drc_routed.pb -rpx fifo_methodology_drc_routed.rpx
INFO: [Timing 38-35] Done setting XDC timing constraints.
INFO: [DRC 23-133] Running Methodology with 2 threads
INFO: [Coretcl 2-1520] The results of Report Methodology are in file D:/Programming/Git/cse125/Lab3/Lab3.runs/impl_1/fifo_methodology_drc_routed.rpt.
report_methodology completed successfully
INFO: [runtcl-4] Executing : report_power -file fifo_power_routed.rpt -pb fifo_power_summary_routed.pb -rpx fifo_power_routed.rpx
Command: report_power -file fifo_power_routed.rpt -pb fifo_power_summary_routed.pb -rpx fifo_power_routed.rpx
INFO: [Timing 38-35] Done setting XDC timing constraints.
Running Vector-less Activity Propagation...

Finished Running Vector-less Activity Propagation
94 Infos, 0 Warnings, 0 Critical Warnings and 0 Errors encountered.
report_power completed successfully
INFO: [runtcl-4] Executing : report_route_status -file fifo_route_status.rpt -pb fifo_route_status.pb
INFO: [runtcl-4] Executing : report_timing_summary -max_paths 10 -file fifo_timing_summary_routed.rpt -pb fifo_timing_summary_routed.pb -rpx fifo_timing_summary_routed.rpx -warn_on_violation 
INFO: [Timing 38-91] UpdateTimingParams: Speed grade: -1, Delay Type: min_max.
INFO: [Timing 38-191] Multithreading enabled for timing update using a maximum of 2 CPUs
INFO: [runtcl-4] Executing : report_incremental_reuse -file fifo_incremental_reuse_routed.rpt
INFO: [Vivado_Tcl 4-1062] Incremental flow is disabled. No incremental reuse Info to report.
INFO: [runtcl-4] Executing : report_clock_utilization -file fifo_clock_utilization_routed.rpt
INFO: [runtcl-4] Executing : report_bus_skew -warn_on_violation -file fifo_bus_skew_routed.rpt -pb fifo_bus_skew_routed.pb -rpx fifo_bus_skew_routed.rpx
INFO: [Timing 38-91] UpdateTimingParams: Speed grade: -1, Delay Type: min_max.
INFO: [Timing 38-191] Multithreading enabled for timing update using a maximum of 2 CPUs
INFO: [Common 17-206] Exiting Vivado at Tue Apr 28 12:49:49 2020...
