#-----------------------------------------------------------
# Vivado v2019.2 (64-bit)
# SW Build 2708876 on Wed Nov  6 21:40:23 MST 2019
# IP Build 2700528 on Thu Nov  7 00:09:20 MST 2019
# Start of session at: Mon Apr 27 22:16:57 2020
# Process ID: 13008
# Current directory: D:/Programming/Git/cse125/Lab3
# Command line: vivado.exe -gui_launcher_event rodinguilauncherevent3460 D:\Programming\Git\cse125\Lab3\Lab3.xpr
# Log file: D:/Programming/Git/cse125/Lab3/vivado.log
# Journal file: D:/Programming/Git/cse125/Lab3\vivado.jou
#-----------------------------------------------------------
start_gui
open_project D:/Programming/Git/cse125/Lab3/Lab3.xpr
Scanning sources...
Finished scanning sources
INFO: [IP_Flow 19-234] Refreshing IP repositories
INFO: [IP_Flow 19-1704] No user IP repositories specified
INFO: [IP_Flow 19-2313] Loaded Vivado IP repository 'C:/Xilinx/Vivado/2019.2/data/ip'.
open_project: Time (s): cpu = 00:00:18 ; elapsed = 00:00:12 . Memory (MB): peak = 1081.094 ; gain = 183.020
launch_simulation
Command: launch_simulation 
INFO: [Vivado 12-5682] Launching behavioral simulation in 'D:/Programming/Git/cse125/Lab3/Lab3.sim/sim_1/behav/xsim'
INFO: [SIM-utils-51] Simulation object is 'sim_1'
INFO: [SIM-utils-54] Inspecting design source files for 'random_test' in fileset 'sim_1'...
INFO: [SIM-utils-43] Exported 'D:/Programming/Git/cse125/Lab3/Lab3.sim/sim_1/behav/xsim/randominput.txt'
INFO: [USF-XSim-97] Finding global include files...
INFO: [USF-XSim-98] Fetching design files from 'sim_1'...
INFO: [USF-XSim-2] XSim::Compile design
INFO: [USF-XSim-61] Executing 'COMPILE and ANALYZE' step in 'D:/Programming/Git/cse125/Lab3/Lab3.sim/sim_1/behav/xsim'
"xvlog --incr --relax -prj random_test_vlog.prj"
INFO: [USF-XSim-69] 'compile' step finished in '1' seconds
INFO: [USF-XSim-3] XSim::Elaborate design
INFO: [USF-XSim-61] Executing 'ELABORATE' step in 'D:/Programming/Git/cse125/Lab3/Lab3.sim/sim_1/behav/xsim'
"xelab -wto 0a2d6f54d6eb4df48f4b40200a9fa1b0 --incr --debug typical --relax --mt 2 -L xil_defaultlib -L unisims_ver -L unimacro_ver -L secureip --snapshot random_test_behav xil_defaultlib.random_test xil_defaultlib.glbl -log elaborate.log"
Vivado Simulator 2019.2
Copyright 1986-1999, 2001-2019 Xilinx, Inc. All Rights Reserved.
Running: C:/Xilinx/Vivado/2019.2/bin/unwrapped/win64.o/xelab.exe -wto 0a2d6f54d6eb4df48f4b40200a9fa1b0 --incr --debug typical --relax --mt 2 -L xil_defaultlib -L unisims_ver -L unimacro_ver -L secureip --snapshot random_test_behav xil_defaultlib.random_test xil_defaultlib.glbl -log elaborate.log 
Using 2 slave threads.
Starting static elaboration
Pass Through NonSizing Optimizer
Completed static elaboration
INFO: [XSIM 43-4323] No Change in HDL. Linking previously generated obj files to create kernel
INFO: [USF-XSim-69] 'elaborate' step finished in '1' seconds
INFO: [USF-XSim-4] XSim::Simulate design
INFO: [USF-XSim-61] Executing 'SIMULATE' step in 'D:/Programming/Git/cse125/Lab3/Lab3.sim/sim_1/behav/xsim'
INFO: [USF-XSim-98] *** Running xsim
   with args "random_test_behav -key {Behavioral:sim_1:Functional:random_test} -tclbatch {random_test.tcl} -log {simulate.log}"
INFO: [USF-XSim-8] Loading simulator feature
Vivado Simulator 2019.2
Time resolution is 1 ps
source random_test.tcl
# set curr_wave [current_wave_config]
# if { [string length $curr_wave] == 0 } {
#   if { [llength [get_objects]] > 0} {
#     add_wave /
#     set_property needs_save false [current_wave_config]
#   } else {
#      send_msg_id Add_Wave-1 WARNING "No top level signals found. Simulator will start without a wave window. If you want to open a wave window go to 'File->New Waveform Configuration' or type 'create_wave_config' in the TCL console."
#   }
# }
# run 1000ns
WARNING: file D:\CSE125\cse125\Lab3\randomout.txt could not be opened
INFO: [USF-XSim-96] XSim completed. Design snapshot 'random_test_behav' loaded.
INFO: [USF-XSim-97] XSim simulation ran for 1000ns
launch_simulation: Time (s): cpu = 00:00:13 ; elapsed = 00:00:09 . Memory (MB): peak = 1081.094 ; gain = 0.000
update_compile_order -fileset sources_1
run 10 us
run 10 us
set_property is_enabled false [get_files  D:/Programming/Git/cse125/Lab3/Lab3.srcs/sim_1/imports/receive/randominput.txt]
set_property is_enabled true [get_files  D:/Programming/Git/cse125/Lab3/Lab3.srcs/sim_1/imports/receive/directed_test.v]
set_property is_enabled false [get_files  D:/Programming/Git/cse125/Lab3/Lab3.srcs/sim_1/imports/receive/random_test.v]
set_property is_enabled true [get_files  D:/Programming/Git/cse125/Lab3/Lab3.srcs/sim_1/imports/receive/testfile.txt]
launch_simulation
Command: launch_simulation 
boost::filesystem::remove: The process cannot access the file because it is being used by another process: "D:/Programming/Git/cse125/Lab3/Lab3.sim/sim_1/behav/xsim/simulate.log"
relaunch_sim
Command: launch_simulation -simset sim_1 -mode behavioral
INFO: [Vivado 12-5682] Launching behavioral simulation in 'D:/Programming/Git/cse125/Lab3/Lab3.sim/sim_1/behav/xsim'
INFO: [SIM-utils-51] Simulation object is 'sim_1'
INFO: [SIM-utils-54] Inspecting design source files for 'directed_test' in fileset 'sim_1'...
INFO: [SIM-utils-43] Exported 'D:/Programming/Git/cse125/Lab3/Lab3.sim/sim_1/behav/xsim/testfile.txt'
INFO: [USF-XSim-97] Finding global include files...
INFO: [USF-XSim-98] Fetching design files from 'sim_1'...
INFO: [USF-XSim-2] XSim::Compile design
INFO: [USF-XSim-61] Executing 'COMPILE and ANALYZE' step in 'D:/Programming/Git/cse125/Lab3/Lab3.sim/sim_1/behav/xsim'
"xvlog --incr --relax -prj directed_test_vlog.prj"
INFO: [USF-XSim-69] 'compile' step finished in '1' seconds
Command: launch_simulation -simset sim_1 -mode behavioral
INFO: [Vivado 12-5682] Launching behavioral simulation in 'D:/Programming/Git/cse125/Lab3/Lab3.sim/sim_1/behav/xsim'
INFO: [USF-XSim-3] XSim::Elaborate design
INFO: [USF-XSim-61] Executing 'ELABORATE' step in 'D:/Programming/Git/cse125/Lab3/Lab3.sim/sim_1/behav/xsim'
"xelab -wto 0a2d6f54d6eb4df48f4b40200a9fa1b0 --incr --debug typical --relax --mt 2 -L xil_defaultlib -L unisims_ver -L unimacro_ver -L secureip --snapshot directed_test_behav xil_defaultlib.directed_test xil_defaultlib.glbl -log elaborate.log"
Vivado Simulator 2019.2
Copyright 1986-1999, 2001-2019 Xilinx, Inc. All Rights Reserved.
Running: C:/Xilinx/Vivado/2019.2/bin/unwrapped/win64.o/xelab.exe -wto 0a2d6f54d6eb4df48f4b40200a9fa1b0 --incr --debug typical --relax --mt 2 -L xil_defaultlib -L unisims_ver -L unimacro_ver -L secureip --snapshot directed_test_behav xil_defaultlib.directed_test xil_defaultlib.glbl -log elaborate.log 
Using 2 slave threads.
Starting static elaboration
Pass Through NonSizing Optimizer
Completed static elaboration
INFO: [XSIM 43-4323] No Change in HDL. Linking previously generated obj files to create kernel
INFO: [USF-XSim-69] 'elaborate' step finished in '1' seconds
Vivado Simulator 2019.2
Time resolution is 1 ps
WARNING: file D:\CSE125\cse125\Lab3\randomout.txt could not be opened
relaunch_sim: Time (s): cpu = 00:00:02 ; elapsed = 00:00:09 . Memory (MB): peak = 1100.539 ; gain = 2.250
reset_run synth_1
WARNING: [Vivado 12-1017] Problems encountered:
1. Failed to delete one or more files in run directory D:/Programming/Git/cse125/Lab3/Lab3.runs/synth_1

launch_runs synth_1 -jobs 2
[Mon Apr 27 22:22:17 2020] Launched synth_1...
Run output will be captured here: D:/Programming/Git/cse125/Lab3/Lab3.runs/synth_1/runme.log
launch_runs impl_1 -jobs 2
[Mon Apr 27 22:23:31 2020] Launched impl_1...
Run output will be captured here: D:/Programming/Git/cse125/Lab3/Lab3.runs/impl_1/runme.log
open_run impl_1
INFO: [Device 21-403] Loading part xc7k70tfbv676-1
Netlist sorting complete. Time (s): cpu = 00:00:01 ; elapsed = 00:00:00.037 . Memory (MB): peak = 1346.496 ; gain = 0.000
INFO: [Netlist 29-17] Analyzing 56 Unisim elements for replacement
INFO: [Netlist 29-28] Unisim Transformation completed in 0 CPU seconds
INFO: [Project 1-479] Netlist was created with Vivado 2019.2
INFO: [Project 1-570] Preparing netlist for logic optimization
INFO: [Timing 38-478] Restoring timing data from binary archive.
INFO: [Timing 38-479] Binary timing data restore complete.
INFO: [Project 1-856] Restoring constraints from binary archive.
INFO: [Project 1-853] Binary constraint restore complete.
Reading XDEF placement.
Reading placer database...
Reading XDEF routing.
Read XDEF File: Time (s): cpu = 00:00:00 ; elapsed = 00:00:00.244 . Memory (MB): peak = 2039.207 ; gain = 0.000
Restored from archive | CPU: 0.000000 secs | Memory: 0.000000 MB |
Finished XDEF File Restore: Time (s): cpu = 00:00:00 ; elapsed = 00:00:00.244 . Memory (MB): peak = 2039.207 ; gain = 0.000
Netlist sorting complete. Time (s): cpu = 00:00:00 ; elapsed = 00:00:00.001 . Memory (MB): peak = 2039.207 ; gain = 0.000
INFO: [Project 1-111] Unisim Transformation Summary:
No Unisim elements were transformed.

open_run: Time (s): cpu = 00:00:25 ; elapsed = 00:00:21 . Memory (MB): peak = 2143.012 ; gain = 1034.176
launch_simulation
Command: launch_simulation 
boost::filesystem::remove: The process cannot access the file because it is being used by another process: "D:/Programming/Git/cse125/Lab3/Lab3.sim/sim_1/behav/xsim/simulate.log"
open_run synth_1 -name synth_1
Design is defaulting to impl run constrset: constrs_1
Design is defaulting to synth run part: xc7k70tfbv676-1
Netlist sorting complete. Time (s): cpu = 00:00:00 ; elapsed = 00:00:00.039 . Memory (MB): peak = 2210.781 ; gain = 0.000
INFO: [Netlist 29-17] Analyzing 56 Unisim elements for replacement
INFO: [Netlist 29-28] Unisim Transformation completed in 0 CPU seconds
INFO: [Project 1-479] Netlist was created with Vivado 2019.2
INFO: [Project 1-570] Preparing netlist for logic optimization
Parsing XDC File [D:/Programming/Git/cse125/Lab3/Lab3.srcs/constrs_1/new/lab3test.xdc]
Finished Parsing XDC File [D:/Programming/Git/cse125/Lab3/Lab3.srcs/constrs_1/new/lab3test.xdc]
INFO: [Opt 31-138] Pushed 0 inverter(s) to 0 load pin(s).
Netlist sorting complete. Time (s): cpu = 00:00:00 ; elapsed = 00:00:00 . Memory (MB): peak = 2271.488 ; gain = 0.000
INFO: [Project 1-111] Unisim Transformation Summary:
No Unisim elements were transformed.

INFO: [Timing 38-35] Done setting XDC timing constraints.
launch_simulation
Command: launch_simulation 
boost::filesystem::remove: The process cannot access the file because it is being used by another process: "D:/Programming/Git/cse125/Lab3/Lab3.sim/sim_1/behav/xsim/simulate.log"
close_sim
INFO: [Simtcl 6-16] Simulation closed
exit
INFO: [Common 17-206] Exiting Vivado at Mon Apr 27 22:30:15 2020...
